[2022-02-17 00:00:02,927] {taskinstance.py:1032} INFO - Dependencies all met for <TaskInstance: gcs_2_bq_dag.move_yellow_tripdata_files_task scheduled__2022-02-16T00:00:00+00:00 [queued]>
[2022-02-17 00:00:02,939] {taskinstance.py:1032} INFO - Dependencies all met for <TaskInstance: gcs_2_bq_dag.move_yellow_tripdata_files_task scheduled__2022-02-16T00:00:00+00:00 [queued]>
[2022-02-17 00:00:02,939] {taskinstance.py:1238} INFO - 
--------------------------------------------------------------------------------
[2022-02-17 00:00:02,939] {taskinstance.py:1239} INFO - Starting attempt 1 of 2
[2022-02-17 00:00:02,939] {taskinstance.py:1240} INFO - 
--------------------------------------------------------------------------------
[2022-02-17 00:00:02,954] {taskinstance.py:1259} INFO - Executing <Task(GCSToGCSOperator): move_yellow_tripdata_files_task> on 2022-02-16 00:00:00+00:00
[2022-02-17 00:00:02,959] {standard_task_runner.py:52} INFO - Started process 15765 to run task
[2022-02-17 00:00:02,966] {standard_task_runner.py:76} INFO - Running: ['***', 'tasks', 'run', 'gcs_2_bq_dag', 'move_yellow_tripdata_files_task', 'scheduled__2022-02-16T00:00:00+00:00', '--job-id', '27', '--raw', '--subdir', 'DAGS_FOLDER/gcs_to_bq_dag.py', '--cfg-path', '/tmp/tmpvysmj_w2', '--error-file', '/tmp/tmp6as6lxrg']
[2022-02-17 00:00:02,967] {standard_task_runner.py:77} INFO - Job 27: Subtask move_yellow_tripdata_files_task
[2022-02-17 00:00:03,038] {logging_mixin.py:109} INFO - Running <TaskInstance: gcs_2_bq_dag.move_yellow_tripdata_files_task scheduled__2022-02-16T00:00:00+00:00 [running]> on host b306bb32f8a4
[2022-02-17 00:00:03,122] {taskinstance.py:1426} INFO - Exporting the following env vars:
AIRFLOW_CTX_DAG_OWNER=***
AIRFLOW_CTX_DAG_ID=gcs_2_bq_dag
AIRFLOW_CTX_TASK_ID=move_yellow_tripdata_files_task
AIRFLOW_CTX_EXECUTION_DATE=2022-02-16T00:00:00+00:00
AIRFLOW_CTX_DAG_RUN_ID=scheduled__2022-02-16T00:00:00+00:00
[2022-02-17 00:00:03,124] {crypto.py:82} WARNING - empty cryptography key - values will not be stored encrypted.
[2022-02-17 00:00:03,125] {gcs_to_gcs.py:346} INFO - Delimiter ignored because wildcard is in prefix
[2022-02-17 00:00:03,499] {taskinstance.py:1277} INFO - Marking task as SUCCESS. dag_id=gcs_2_bq_dag, task_id=move_yellow_tripdata_files_task, execution_date=20220216T000000, start_date=20220217T000002, end_date=20220217T000003
[2022-02-17 00:00:03,536] {local_task_job.py:154} INFO - Task exited with return code 0
[2022-02-17 00:00:03,633] {local_task_job.py:264} INFO - 1 downstream tasks scheduled from follow-on schedule check
