[2022-02-20 00:00:01,830] {taskinstance.py:1032} INFO - Dependencies all met for <TaskInstance: gcs_2_bq_dag.move_green_tripdata_files_task scheduled__2022-02-19T00:00:00+00:00 [queued]>
[2022-02-20 00:00:01,845] {taskinstance.py:1032} INFO - Dependencies all met for <TaskInstance: gcs_2_bq_dag.move_green_tripdata_files_task scheduled__2022-02-19T00:00:00+00:00 [queued]>
[2022-02-20 00:00:01,845] {taskinstance.py:1238} INFO - 
--------------------------------------------------------------------------------
[2022-02-20 00:00:01,845] {taskinstance.py:1239} INFO - Starting attempt 1 of 2
[2022-02-20 00:00:01,845] {taskinstance.py:1240} INFO - 
--------------------------------------------------------------------------------
[2022-02-20 00:00:01,860] {taskinstance.py:1259} INFO - Executing <Task(GCSToGCSOperator): move_green_tripdata_files_task> on 2022-02-19 00:00:00+00:00
[2022-02-20 00:00:01,865] {standard_task_runner.py:52} INFO - Started process 700 to run task
[2022-02-20 00:00:01,872] {standard_task_runner.py:76} INFO - Running: ['***', 'tasks', 'run', 'gcs_2_bq_dag', 'move_green_tripdata_files_task', 'scheduled__2022-02-19T00:00:00+00:00', '--job-id', '46', '--raw', '--subdir', 'DAGS_FOLDER/gcs_to_bq_dag.py', '--cfg-path', '/tmp/tmp8ylna6ca', '--error-file', '/tmp/tmpu9p1r97n']
[2022-02-20 00:00:01,873] {standard_task_runner.py:77} INFO - Job 46: Subtask move_green_tripdata_files_task
[2022-02-20 00:00:01,938] {logging_mixin.py:109} INFO - Running <TaskInstance: gcs_2_bq_dag.move_green_tripdata_files_task scheduled__2022-02-19T00:00:00+00:00 [running]> on host b306bb32f8a4
[2022-02-20 00:00:02,009] {taskinstance.py:1426} INFO - Exporting the following env vars:
AIRFLOW_CTX_DAG_OWNER=***
AIRFLOW_CTX_DAG_ID=gcs_2_bq_dag
AIRFLOW_CTX_TASK_ID=move_green_tripdata_files_task
AIRFLOW_CTX_EXECUTION_DATE=2022-02-19T00:00:00+00:00
AIRFLOW_CTX_DAG_RUN_ID=scheduled__2022-02-19T00:00:00+00:00
[2022-02-20 00:00:02,010] {crypto.py:82} WARNING - empty cryptography key - values will not be stored encrypted.
[2022-02-20 00:00:02,010] {gcs_to_gcs.py:346} INFO - Delimiter ignored because wildcard is in prefix
[2022-02-20 00:00:02,285] {taskinstance.py:1277} INFO - Marking task as SUCCESS. dag_id=gcs_2_bq_dag, task_id=move_green_tripdata_files_task, execution_date=20220219T000000, start_date=20220220T000001, end_date=20220220T000002
[2022-02-20 00:00:02,322] {local_task_job.py:154} INFO - Task exited with return code 0
[2022-02-20 00:00:02,419] {local_task_job.py:264} INFO - 1 downstream tasks scheduled from follow-on schedule check
