[2022-02-12 13:01:45,938] {taskinstance.py:1032} INFO - Dependencies all met for <TaskInstance: FHVLocalIngestionDag.wget scheduled__2021-06-02T06:00:00+00:00 [queued]>
[2022-02-12 13:01:45,951] {taskinstance.py:1032} INFO - Dependencies all met for <TaskInstance: FHVLocalIngestionDag.wget scheduled__2021-06-02T06:00:00+00:00 [queued]>
[2022-02-12 13:01:45,951] {taskinstance.py:1238} INFO - 
--------------------------------------------------------------------------------
[2022-02-12 13:01:45,951] {taskinstance.py:1239} INFO - Starting attempt 1 of 1
[2022-02-12 13:01:45,952] {taskinstance.py:1240} INFO - 
--------------------------------------------------------------------------------
[2022-02-12 13:01:45,966] {taskinstance.py:1259} INFO - Executing <Task(BashOperator): wget> on 2021-06-02 06:00:00+00:00
[2022-02-12 13:01:45,971] {standard_task_runner.py:52} INFO - Started process 775 to run task
[2022-02-12 13:01:45,975] {standard_task_runner.py:76} INFO - Running: ['***', 'tasks', 'run', 'FHVLocalIngestionDag', 'wget', 'scheduled__2021-06-02T06:00:00+00:00', '--job-id', '86', '--raw', '--subdir', 'DAGS_FOLDER/fhv_data_ingestion_local.py', '--cfg-path', '/tmp/tmp_yry50na', '--error-file', '/tmp/tmpoe5a83qi']
[2022-02-12 13:01:45,976] {standard_task_runner.py:77} INFO - Job 86: Subtask wget
[2022-02-12 13:01:46,050] {logging_mixin.py:109} INFO - Running <TaskInstance: FHVLocalIngestionDag.wget scheduled__2021-06-02T06:00:00+00:00 [running]> on host 8fc49de8f9da
[2022-02-12 13:01:46,139] {logging_mixin.py:109} WARNING - /home/***/.local/lib/python3.7/site-packages/***/utils/context.py:152 AirflowContextDeprecationWarning: Accessing 'execution_date' from the template is deprecated and will be removed in a future version. Please use 'data_interval_start' or 'logical_date' instead.
[2022-02-12 13:01:46,173] {taskinstance.py:1426} INFO - Exporting the following env vars:
AIRFLOW_CTX_DAG_OWNER=***
AIRFLOW_CTX_DAG_ID=FHVLocalIngestionDag
AIRFLOW_CTX_TASK_ID=wget
AIRFLOW_CTX_EXECUTION_DATE=2021-06-02T06:00:00+00:00
AIRFLOW_CTX_DAG_RUN_ID=scheduled__2021-06-02T06:00:00+00:00
[2022-02-12 13:01:46,174] {subprocess.py:62} INFO - Tmp dir root location: 
 /tmp
[2022-02-12 13:01:46,175] {subprocess.py:74} INFO - Running command: ['bash', '-c', 'curl -sSL https://s3.amazonaws.com/nyc-tlc/trip+data/fhv_tripdata_2021-06.csv > /opt/***/fhv_output_2021-06.csv']
[2022-02-12 13:01:46,188] {subprocess.py:85} INFO - Output:
[2022-02-12 13:02:45,629] {subprocess.py:93} INFO - Command exited with return code 0
[2022-02-12 13:02:45,669] {taskinstance.py:1277} INFO - Marking task as SUCCESS. dag_id=FHVLocalIngestionDag, task_id=wget, execution_date=20210602T060000, start_date=20220212T130145, end_date=20220212T130245
[2022-02-12 13:02:45,727] {local_task_job.py:154} INFO - Task exited with return code 0
[2022-02-12 13:02:45,771] {local_task_job.py:264} INFO - 1 downstream tasks scheduled from follow-on schedule check
