[2022-02-07 15:38:34,278] {taskinstance.py:1032} INFO - Dependencies all met for <TaskInstance: LocalIngestionDag.wget scheduled__2022-01-02T06:00:00+00:00 [queued]>
[2022-02-07 15:38:34,290] {taskinstance.py:1032} INFO - Dependencies all met for <TaskInstance: LocalIngestionDag.wget scheduled__2022-01-02T06:00:00+00:00 [queued]>
[2022-02-07 15:38:34,290] {taskinstance.py:1238} INFO - 
--------------------------------------------------------------------------------
[2022-02-07 15:38:34,290] {taskinstance.py:1239} INFO - Starting attempt 1 of 1
[2022-02-07 15:38:34,290] {taskinstance.py:1240} INFO - 
--------------------------------------------------------------------------------
[2022-02-07 15:38:34,306] {taskinstance.py:1259} INFO - Executing <Task(BashOperator): wget> on 2022-01-02 06:00:00+00:00
[2022-02-07 15:38:34,310] {standard_task_runner.py:52} INFO - Started process 715 to run task
[2022-02-07 15:38:34,313] {standard_task_runner.py:76} INFO - Running: ['***', 'tasks', 'run', 'LocalIngestionDag', 'wget', 'scheduled__2022-01-02T06:00:00+00:00', '--job-id', '65', '--raw', '--subdir', 'DAGS_FOLDER/data_ingestion_local.py', '--cfg-path', '/tmp/tmp1_pkxgcp', '--error-file', '/tmp/tmp8hf8nflb']
[2022-02-07 15:38:34,314] {standard_task_runner.py:77} INFO - Job 65: Subtask wget
[2022-02-07 15:38:34,388] {logging_mixin.py:109} INFO - Running <TaskInstance: LocalIngestionDag.wget scheduled__2022-01-02T06:00:00+00:00 [running]> on host f7def13e8b7c
[2022-02-07 15:38:34,499] {logging_mixin.py:109} WARNING - /home/***/.local/lib/python3.7/site-packages/***/utils/context.py:152 AirflowContextDeprecationWarning: Accessing 'execution_date' from the template is deprecated and will be removed in a future version. Please use 'data_interval_start' or 'logical_date' instead.
[2022-02-07 15:38:34,522] {taskinstance.py:1426} INFO - Exporting the following env vars:
AIRFLOW_CTX_DAG_OWNER=***
AIRFLOW_CTX_DAG_ID=LocalIngestionDag
AIRFLOW_CTX_TASK_ID=wget
AIRFLOW_CTX_EXECUTION_DATE=2022-01-02T06:00:00+00:00
AIRFLOW_CTX_DAG_RUN_ID=scheduled__2022-01-02T06:00:00+00:00
[2022-02-07 15:38:34,523] {subprocess.py:62} INFO - Tmp dir root location: 
 /tmp
[2022-02-07 15:38:34,523] {subprocess.py:74} INFO - Running command: ['bash', '-c', 'curl -sSL https://s3.amazonaws.com/nyc-tlc/trip+data/yellow_tripdata_2022-01.csv > /opt/***/output_2022-01.csv']
[2022-02-07 15:38:34,534] {subprocess.py:85} INFO - Output:
[2022-02-07 15:38:35,020] {subprocess.py:93} INFO - Command exited with return code 0
[2022-02-07 15:38:35,068] {taskinstance.py:1277} INFO - Marking task as SUCCESS. dag_id=LocalIngestionDag, task_id=wget, execution_date=20220102T060000, start_date=20220207T153834, end_date=20220207T153835
[2022-02-07 15:38:35,127] {local_task_job.py:154} INFO - Task exited with return code 0
[2022-02-07 15:38:35,398] {local_task_job.py:264} INFO - 0 downstream tasks scheduled from follow-on schedule check
