[2022-03-01 00:00:01,708] {taskinstance.py:1032} INFO - Dependencies all met for <TaskInstance: gcs_2_bq_dag.move_green_tripdata_files_task scheduled__2022-02-28T00:00:00+00:00 [queued]>
[2022-03-01 00:00:01,719] {taskinstance.py:1032} INFO - Dependencies all met for <TaskInstance: gcs_2_bq_dag.move_green_tripdata_files_task scheduled__2022-02-28T00:00:00+00:00 [queued]>
[2022-03-01 00:00:01,720] {taskinstance.py:1238} INFO - 
--------------------------------------------------------------------------------
[2022-03-01 00:00:01,720] {taskinstance.py:1239} INFO - Starting attempt 1 of 2
[2022-03-01 00:00:01,720] {taskinstance.py:1240} INFO - 
--------------------------------------------------------------------------------
[2022-03-01 00:00:01,735] {taskinstance.py:1259} INFO - Executing <Task(GCSToGCSOperator): move_green_tripdata_files_task> on 2022-02-28 00:00:00+00:00
[2022-03-01 00:00:01,740] {standard_task_runner.py:52} INFO - Started process 21262 to run task
[2022-03-01 00:00:01,747] {standard_task_runner.py:76} INFO - Running: ['***', 'tasks', 'run', 'gcs_2_bq_dag', 'move_green_tripdata_files_task', 'scheduled__2022-02-28T00:00:00+00:00', '--job-id', '99', '--raw', '--subdir', 'DAGS_FOLDER/gcs_to_bq_dag.py', '--cfg-path', '/tmp/tmp3jb3y28x', '--error-file', '/tmp/tmp99lg6chi']
[2022-03-01 00:00:01,748] {standard_task_runner.py:77} INFO - Job 99: Subtask move_green_tripdata_files_task
[2022-03-01 00:00:01,819] {logging_mixin.py:109} INFO - Running <TaskInstance: gcs_2_bq_dag.move_green_tripdata_files_task scheduled__2022-02-28T00:00:00+00:00 [running]> on host b306bb32f8a4
[2022-03-01 00:00:01,891] {taskinstance.py:1426} INFO - Exporting the following env vars:
AIRFLOW_CTX_DAG_OWNER=***
AIRFLOW_CTX_DAG_ID=gcs_2_bq_dag
AIRFLOW_CTX_TASK_ID=move_green_tripdata_files_task
AIRFLOW_CTX_EXECUTION_DATE=2022-02-28T00:00:00+00:00
AIRFLOW_CTX_DAG_RUN_ID=scheduled__2022-02-28T00:00:00+00:00
[2022-03-01 00:00:01,892] {crypto.py:82} WARNING - empty cryptography key - values will not be stored encrypted.
[2022-03-01 00:00:01,893] {gcs_to_gcs.py:346} INFO - Delimiter ignored because wildcard is in prefix
[2022-03-01 00:00:02,156] {taskinstance.py:1277} INFO - Marking task as SUCCESS. dag_id=gcs_2_bq_dag, task_id=move_green_tripdata_files_task, execution_date=20220228T000000, start_date=20220301T000001, end_date=20220301T000002
[2022-03-01 00:00:02,197] {local_task_job.py:154} INFO - Task exited with return code 0
[2022-03-01 00:00:02,259] {local_task_job.py:264} INFO - 1 downstream tasks scheduled from follow-on schedule check
