[2022-02-12 13:01:47,213] {taskinstance.py:1032} INFO - Dependencies all met for <TaskInstance: FHVLocalIngestionDag.wget scheduled__2021-10-02T06:00:00+00:00 [queued]>
[2022-02-12 13:01:47,225] {taskinstance.py:1032} INFO - Dependencies all met for <TaskInstance: FHVLocalIngestionDag.wget scheduled__2021-10-02T06:00:00+00:00 [queued]>
[2022-02-12 13:01:47,226] {taskinstance.py:1238} INFO - 
--------------------------------------------------------------------------------
[2022-02-12 13:01:47,226] {taskinstance.py:1239} INFO - Starting attempt 1 of 1
[2022-02-12 13:01:47,226] {taskinstance.py:1240} INFO - 
--------------------------------------------------------------------------------
[2022-02-12 13:01:47,241] {taskinstance.py:1259} INFO - Executing <Task(BashOperator): wget> on 2021-10-02 06:00:00+00:00
[2022-02-12 13:01:47,246] {standard_task_runner.py:52} INFO - Started process 912 to run task
[2022-02-12 13:01:47,252] {standard_task_runner.py:76} INFO - Running: ['***', 'tasks', 'run', 'FHVLocalIngestionDag', 'wget', 'scheduled__2021-10-02T06:00:00+00:00', '--job-id', '90', '--raw', '--subdir', 'DAGS_FOLDER/fhv_data_ingestion_local.py', '--cfg-path', '/tmp/tmp5qtvqx2x', '--error-file', '/tmp/tmpwknhx1np']
[2022-02-12 13:01:47,253] {standard_task_runner.py:77} INFO - Job 90: Subtask wget
[2022-02-12 13:01:47,352] {logging_mixin.py:109} INFO - Running <TaskInstance: FHVLocalIngestionDag.wget scheduled__2021-10-02T06:00:00+00:00 [running]> on host 8fc49de8f9da
[2022-02-12 13:01:47,415] {logging_mixin.py:109} WARNING - /home/***/.local/lib/python3.7/site-packages/***/utils/context.py:152 AirflowContextDeprecationWarning: Accessing 'execution_date' from the template is deprecated and will be removed in a future version. Please use 'data_interval_start' or 'logical_date' instead.
[2022-02-12 13:01:47,439] {taskinstance.py:1426} INFO - Exporting the following env vars:
AIRFLOW_CTX_DAG_OWNER=***
AIRFLOW_CTX_DAG_ID=FHVLocalIngestionDag
AIRFLOW_CTX_TASK_ID=wget
AIRFLOW_CTX_EXECUTION_DATE=2021-10-02T06:00:00+00:00
AIRFLOW_CTX_DAG_RUN_ID=scheduled__2021-10-02T06:00:00+00:00
[2022-02-12 13:01:47,441] {subprocess.py:62} INFO - Tmp dir root location: 
 /tmp
[2022-02-12 13:01:47,442] {subprocess.py:74} INFO - Running command: ['bash', '-c', 'curl -sSL https://s3.amazonaws.com/nyc-tlc/trip+data/fhv_tripdata_2021-10.csv > /opt/***/fhv_output_2021-10.csv']
[2022-02-12 13:01:47,453] {subprocess.py:85} INFO - Output:
[2022-02-12 13:01:47,961] {subprocess.py:93} INFO - Command exited with return code 0
[2022-02-12 13:01:48,367] {taskinstance.py:1277} INFO - Marking task as SUCCESS. dag_id=FHVLocalIngestionDag, task_id=wget, execution_date=20211002T060000, start_date=20220212T130147, end_date=20220212T130148
[2022-02-12 13:01:48,424] {local_task_job.py:154} INFO - Task exited with return code 0
[2022-02-12 13:01:48,474] {local_task_job.py:264} INFO - 1 downstream tasks scheduled from follow-on schedule check
