[2022-02-15 00:00:01,161] {taskinstance.py:1032} INFO - Dependencies all met for <TaskInstance: gcs_2_bq_dag.move_green_tripdata_files_task scheduled__2022-02-14T00:00:00+00:00 [queued]>
[2022-02-15 00:00:01,173] {taskinstance.py:1032} INFO - Dependencies all met for <TaskInstance: gcs_2_bq_dag.move_green_tripdata_files_task scheduled__2022-02-14T00:00:00+00:00 [queued]>
[2022-02-15 00:00:01,173] {taskinstance.py:1238} INFO - 
--------------------------------------------------------------------------------
[2022-02-15 00:00:01,173] {taskinstance.py:1239} INFO - Starting attempt 1 of 2
[2022-02-15 00:00:01,173] {taskinstance.py:1240} INFO - 
--------------------------------------------------------------------------------
[2022-02-15 00:00:01,188] {taskinstance.py:1259} INFO - Executing <Task(GCSToGCSOperator): move_green_tripdata_files_task> on 2022-02-14 00:00:00+00:00
[2022-02-15 00:00:01,193] {standard_task_runner.py:52} INFO - Started process 8406 to run task
[2022-02-15 00:00:01,197] {standard_task_runner.py:76} INFO - Running: ['***', 'tasks', 'run', 'gcs_2_bq_dag', 'move_green_tripdata_files_task', 'scheduled__2022-02-14T00:00:00+00:00', '--job-id', '14', '--raw', '--subdir', 'DAGS_FOLDER/gcs_to_bq_dag.py', '--cfg-path', '/tmp/tmpm1xtorlp', '--error-file', '/tmp/tmpy4smex0z']
[2022-02-15 00:00:01,198] {standard_task_runner.py:77} INFO - Job 14: Subtask move_green_tripdata_files_task
[2022-02-15 00:00:01,264] {logging_mixin.py:109} INFO - Running <TaskInstance: gcs_2_bq_dag.move_green_tripdata_files_task scheduled__2022-02-14T00:00:00+00:00 [running]> on host b306bb32f8a4
[2022-02-15 00:00:01,338] {taskinstance.py:1426} INFO - Exporting the following env vars:
AIRFLOW_CTX_DAG_OWNER=***
AIRFLOW_CTX_DAG_ID=gcs_2_bq_dag
AIRFLOW_CTX_TASK_ID=move_green_tripdata_files_task
AIRFLOW_CTX_EXECUTION_DATE=2022-02-14T00:00:00+00:00
AIRFLOW_CTX_DAG_RUN_ID=scheduled__2022-02-14T00:00:00+00:00
[2022-02-15 00:00:01,339] {crypto.py:82} WARNING - empty cryptography key - values will not be stored encrypted.
[2022-02-15 00:00:01,340] {gcs_to_gcs.py:346} INFO - Delimiter ignored because wildcard is in prefix
[2022-02-15 00:00:01,589] {taskinstance.py:1277} INFO - Marking task as SUCCESS. dag_id=gcs_2_bq_dag, task_id=move_green_tripdata_files_task, execution_date=20220214T000000, start_date=20220215T000001, end_date=20220215T000001
[2022-02-15 00:00:01,650] {local_task_job.py:154} INFO - Task exited with return code 0
[2022-02-15 00:00:01,716] {local_task_job.py:264} INFO - 1 downstream tasks scheduled from follow-on schedule check
