[2022-02-07 15:38:31,341] {taskinstance.py:1032} INFO - Dependencies all met for <TaskInstance: LocalIngestionDag.wget scheduled__2021-03-02T06:00:00+00:00 [queued]>
[2022-02-07 15:38:31,354] {taskinstance.py:1032} INFO - Dependencies all met for <TaskInstance: LocalIngestionDag.wget scheduled__2021-03-02T06:00:00+00:00 [queued]>
[2022-02-07 15:38:31,354] {taskinstance.py:1238} INFO - 
--------------------------------------------------------------------------------
[2022-02-07 15:38:31,354] {taskinstance.py:1239} INFO - Starting attempt 1 of 1
[2022-02-07 15:38:31,354] {taskinstance.py:1240} INFO - 
--------------------------------------------------------------------------------
[2022-02-07 15:38:31,369] {taskinstance.py:1259} INFO - Executing <Task(BashOperator): wget> on 2021-03-02 06:00:00+00:00
[2022-02-07 15:38:31,374] {standard_task_runner.py:52} INFO - Started process 441 to run task
[2022-02-07 15:38:31,380] {standard_task_runner.py:76} INFO - Running: ['***', 'tasks', 'run', 'LocalIngestionDag', 'wget', 'scheduled__2021-03-02T06:00:00+00:00', '--job-id', '55', '--raw', '--subdir', 'DAGS_FOLDER/data_ingestion_local.py', '--cfg-path', '/tmp/tmp7zj5j3xn', '--error-file', '/tmp/tmpf457wtqj']
[2022-02-07 15:38:31,381] {standard_task_runner.py:77} INFO - Job 55: Subtask wget
[2022-02-07 15:38:31,450] {logging_mixin.py:109} INFO - Running <TaskInstance: LocalIngestionDag.wget scheduled__2021-03-02T06:00:00+00:00 [running]> on host f7def13e8b7c
[2022-02-07 15:38:31,541] {logging_mixin.py:109} WARNING - /home/***/.local/lib/python3.7/site-packages/***/utils/context.py:152 AirflowContextDeprecationWarning: Accessing 'execution_date' from the template is deprecated and will be removed in a future version. Please use 'data_interval_start' or 'logical_date' instead.
[2022-02-07 15:38:31,573] {taskinstance.py:1426} INFO - Exporting the following env vars:
AIRFLOW_CTX_DAG_OWNER=***
AIRFLOW_CTX_DAG_ID=LocalIngestionDag
AIRFLOW_CTX_TASK_ID=wget
AIRFLOW_CTX_EXECUTION_DATE=2021-03-02T06:00:00+00:00
AIRFLOW_CTX_DAG_RUN_ID=scheduled__2021-03-02T06:00:00+00:00
[2022-02-07 15:38:31,575] {subprocess.py:62} INFO - Tmp dir root location: 
 /tmp
[2022-02-07 15:38:31,575] {subprocess.py:74} INFO - Running command: ['bash', '-c', 'curl -sSL https://s3.amazonaws.com/nyc-tlc/trip+data/yellow_tripdata_2021-03.csv > /opt/***/output_2021-03.csv']
[2022-02-07 15:38:31,592] {subprocess.py:85} INFO - Output:
[2022-02-07 15:41:06,860] {subprocess.py:93} INFO - Command exited with return code 0
[2022-02-07 15:41:06,902] {taskinstance.py:1277} INFO - Marking task as SUCCESS. dag_id=LocalIngestionDag, task_id=wget, execution_date=20210302T060000, start_date=20220207T153831, end_date=20220207T154106
[2022-02-07 15:41:06,932] {local_task_job.py:154} INFO - Task exited with return code 0
[2022-02-07 15:41:06,984] {local_task_job.py:264} INFO - 1 downstream tasks scheduled from follow-on schedule check
