[2022-02-18 00:00:02,664] {taskinstance.py:1032} INFO - Dependencies all met for <TaskInstance: gcs_2_bq_dag.move_green_tripdata_files_task scheduled__2022-02-17T00:00:00+00:00 [queued]>
[2022-02-18 00:00:02,679] {taskinstance.py:1032} INFO - Dependencies all met for <TaskInstance: gcs_2_bq_dag.move_green_tripdata_files_task scheduled__2022-02-17T00:00:00+00:00 [queued]>
[2022-02-18 00:00:02,679] {taskinstance.py:1238} INFO - 
--------------------------------------------------------------------------------
[2022-02-18 00:00:02,679] {taskinstance.py:1239} INFO - Starting attempt 1 of 2
[2022-02-18 00:00:02,679] {taskinstance.py:1240} INFO - 
--------------------------------------------------------------------------------
[2022-02-18 00:00:02,694] {taskinstance.py:1259} INFO - Executing <Task(GCSToGCSOperator): move_green_tripdata_files_task> on 2022-02-17 00:00:00+00:00
[2022-02-18 00:00:02,700] {standard_task_runner.py:52} INFO - Started process 10678 to run task
[2022-02-18 00:00:02,706] {standard_task_runner.py:76} INFO - Running: ['***', 'tasks', 'run', 'gcs_2_bq_dag', 'move_green_tripdata_files_task', 'scheduled__2022-02-17T00:00:00+00:00', '--job-id', '34', '--raw', '--subdir', 'DAGS_FOLDER/gcs_to_bq_dag.py', '--cfg-path', '/tmp/tmp_vo6kcsr', '--error-file', '/tmp/tmpajp07y8z']
[2022-02-18 00:00:02,708] {standard_task_runner.py:77} INFO - Job 34: Subtask move_green_tripdata_files_task
[2022-02-18 00:00:02,783] {logging_mixin.py:109} INFO - Running <TaskInstance: gcs_2_bq_dag.move_green_tripdata_files_task scheduled__2022-02-17T00:00:00+00:00 [running]> on host b306bb32f8a4
[2022-02-18 00:00:02,866] {taskinstance.py:1426} INFO - Exporting the following env vars:
AIRFLOW_CTX_DAG_OWNER=***
AIRFLOW_CTX_DAG_ID=gcs_2_bq_dag
AIRFLOW_CTX_TASK_ID=move_green_tripdata_files_task
AIRFLOW_CTX_EXECUTION_DATE=2022-02-17T00:00:00+00:00
AIRFLOW_CTX_DAG_RUN_ID=scheduled__2022-02-17T00:00:00+00:00
[2022-02-18 00:00:02,867] {crypto.py:82} WARNING - empty cryptography key - values will not be stored encrypted.
[2022-02-18 00:00:02,868] {gcs_to_gcs.py:346} INFO - Delimiter ignored because wildcard is in prefix
[2022-02-18 00:00:12,840] {taskinstance.py:1277} INFO - Marking task as SUCCESS. dag_id=gcs_2_bq_dag, task_id=move_green_tripdata_files_task, execution_date=20220217T000000, start_date=20220218T000002, end_date=20220218T000012
[2022-02-18 00:00:12,863] {local_task_job.py:212} WARNING - State of this instance has been externally set to success. Terminating instance.
[2022-02-18 00:00:12,866] {process_utils.py:124} INFO - Sending Signals.SIGTERM to group 10678. PIDs of all processes in the group: [10678]
[2022-02-18 00:00:12,866] {process_utils.py:75} INFO - Sending the signal Signals.SIGTERM to group 10678
[2022-02-18 00:00:12,869] {process_utils.py:70} INFO - Process psutil.Process(pid=10678, status='terminated', exitcode=0, started='00:00:02') (10678) terminated with exit code 0
