[2022-02-21 00:00:02,322] {taskinstance.py:1032} INFO - Dependencies all met for <TaskInstance: gcs_2_bq_dag.move_yellow_tripdata_files_task scheduled__2022-02-20T00:00:00+00:00 [queued]>
[2022-02-21 00:00:02,337] {taskinstance.py:1032} INFO - Dependencies all met for <TaskInstance: gcs_2_bq_dag.move_yellow_tripdata_files_task scheduled__2022-02-20T00:00:00+00:00 [queued]>
[2022-02-21 00:00:02,337] {taskinstance.py:1238} INFO - 
--------------------------------------------------------------------------------
[2022-02-21 00:00:02,337] {taskinstance.py:1239} INFO - Starting attempt 1 of 2
[2022-02-21 00:00:02,337] {taskinstance.py:1240} INFO - 
--------------------------------------------------------------------------------
[2022-02-21 00:00:02,355] {taskinstance.py:1259} INFO - Executing <Task(GCSToGCSOperator): move_yellow_tripdata_files_task> on 2022-02-20 00:00:00+00:00
[2022-02-21 00:00:02,360] {standard_task_runner.py:52} INFO - Started process 28245 to run task
[2022-02-21 00:00:02,366] {standard_task_runner.py:76} INFO - Running: ['***', 'tasks', 'run', 'gcs_2_bq_dag', 'move_yellow_tripdata_files_task', 'scheduled__2022-02-20T00:00:00+00:00', '--job-id', '52', '--raw', '--subdir', 'DAGS_FOLDER/gcs_to_bq_dag.py', '--cfg-path', '/tmp/tmp_u9a9u3y', '--error-file', '/tmp/tmpf2ge7j33']
[2022-02-21 00:00:02,368] {standard_task_runner.py:77} INFO - Job 52: Subtask move_yellow_tripdata_files_task
[2022-02-21 00:00:02,439] {logging_mixin.py:109} INFO - Running <TaskInstance: gcs_2_bq_dag.move_yellow_tripdata_files_task scheduled__2022-02-20T00:00:00+00:00 [running]> on host b306bb32f8a4
[2022-02-21 00:00:02,518] {taskinstance.py:1426} INFO - Exporting the following env vars:
AIRFLOW_CTX_DAG_OWNER=***
AIRFLOW_CTX_DAG_ID=gcs_2_bq_dag
AIRFLOW_CTX_TASK_ID=move_yellow_tripdata_files_task
AIRFLOW_CTX_EXECUTION_DATE=2022-02-20T00:00:00+00:00
AIRFLOW_CTX_DAG_RUN_ID=scheduled__2022-02-20T00:00:00+00:00
[2022-02-21 00:00:02,519] {crypto.py:82} WARNING - empty cryptography key - values will not be stored encrypted.
[2022-02-21 00:00:02,520] {gcs_to_gcs.py:346} INFO - Delimiter ignored because wildcard is in prefix
[2022-02-21 00:00:02,793] {taskinstance.py:1277} INFO - Marking task as SUCCESS. dag_id=gcs_2_bq_dag, task_id=move_yellow_tripdata_files_task, execution_date=20220220T000000, start_date=20220221T000002, end_date=20220221T000002
[2022-02-21 00:00:02,857] {local_task_job.py:154} INFO - Task exited with return code 0
[2022-02-21 00:00:02,958] {local_task_job.py:264} INFO - 0 downstream tasks scheduled from follow-on schedule check
