[2022-02-14 13:32:10,132] {processor.py:163} INFO - Started process (PID=192) to work on /opt/airflow/dags/gcs_to_bq_dag.py
[2022-02-14 13:32:10,133] {processor.py:642} INFO - Processing file /opt/airflow/dags/gcs_to_bq_dag.py for tasks to queue
[2022-02-14 13:32:10,133] {logging_mixin.py:109} INFO - [2022-02-14 13:32:10,133] {dagbag.py:500} INFO - Filling up the DagBag from /opt/airflow/dags/gcs_to_bq_dag.py
[2022-02-14 13:32:10,940] {processor.py:654} INFO - DAG(s) dict_keys(['gcs_2_bq_dag']) retrieved from /opt/airflow/dags/gcs_to_bq_dag.py
[2022-02-14 13:32:12,129] {logging_mixin.py:109} INFO - [2022-02-14 13:32:12,129] {manager.py:496} INFO - Created Permission View: can read on DAG:gcs_2_bq_dag
[2022-02-14 13:32:12,139] {logging_mixin.py:109} INFO - [2022-02-14 13:32:12,139] {manager.py:496} INFO - Created Permission View: can edit on DAG:gcs_2_bq_dag
[2022-02-14 13:32:12,140] {logging_mixin.py:109} INFO - [2022-02-14 13:32:12,139] {dag.py:2396} INFO - Sync 1 DAGs
[2022-02-14 13:32:12,147] {logging_mixin.py:109} INFO - [2022-02-14 13:32:12,147] {dag.py:2415} INFO - Creating ORM DAG for gcs_2_bq_dag
[2022-02-14 13:32:12,158] {logging_mixin.py:109} INFO - [2022-02-14 13:32:12,158] {dag.py:2935} INFO - Setting next_dagrun for gcs_2_bq_dag to 2022-02-13 00:00:00+00:00
[2022-02-14 13:32:12,171] {processor.py:171} INFO - Processing /opt/airflow/dags/gcs_to_bq_dag.py took 2.044 seconds
[2022-02-14 13:32:42,302] {processor.py:163} INFO - Started process (PID=226) to work on /opt/airflow/dags/gcs_to_bq_dag.py
[2022-02-14 13:32:42,303] {processor.py:642} INFO - Processing file /opt/airflow/dags/gcs_to_bq_dag.py for tasks to queue
[2022-02-14 13:32:42,304] {logging_mixin.py:109} INFO - [2022-02-14 13:32:42,304] {dagbag.py:500} INFO - Filling up the DagBag from /opt/airflow/dags/gcs_to_bq_dag.py
[2022-02-14 13:32:42,997] {processor.py:654} INFO - DAG(s) dict_keys(['gcs_2_bq_dag']) retrieved from /opt/airflow/dags/gcs_to_bq_dag.py
[2022-02-14 13:32:43,008] {logging_mixin.py:109} INFO - [2022-02-14 13:32:43,007] {dag.py:2396} INFO - Sync 1 DAGs
[2022-02-14 13:32:43,085] {logging_mixin.py:109} INFO - [2022-02-14 13:32:43,085] {dag.py:2935} INFO - Setting next_dagrun for gcs_2_bq_dag to 2022-02-13 00:00:00+00:00
[2022-02-14 13:32:43,097] {processor.py:171} INFO - Processing /opt/airflow/dags/gcs_to_bq_dag.py took 0.800 seconds
[2022-02-14 13:33:13,192] {processor.py:163} INFO - Started process (PID=259) to work on /opt/airflow/dags/gcs_to_bq_dag.py
[2022-02-14 13:33:13,193] {processor.py:642} INFO - Processing file /opt/airflow/dags/gcs_to_bq_dag.py for tasks to queue
[2022-02-14 13:33:13,194] {logging_mixin.py:109} INFO - [2022-02-14 13:33:13,194] {dagbag.py:500} INFO - Filling up the DagBag from /opt/airflow/dags/gcs_to_bq_dag.py
[2022-02-14 13:33:13,889] {processor.py:654} INFO - DAG(s) dict_keys(['gcs_2_bq_dag']) retrieved from /opt/airflow/dags/gcs_to_bq_dag.py
[2022-02-14 13:33:13,900] {logging_mixin.py:109} INFO - [2022-02-14 13:33:13,900] {dag.py:2396} INFO - Sync 1 DAGs
[2022-02-14 13:33:13,986] {logging_mixin.py:109} INFO - [2022-02-14 13:33:13,986] {dag.py:2935} INFO - Setting next_dagrun for gcs_2_bq_dag to 2022-02-13 00:00:00+00:00
[2022-02-14 13:33:13,998] {processor.py:171} INFO - Processing /opt/airflow/dags/gcs_to_bq_dag.py took 0.812 seconds
[2022-02-14 13:33:44,093] {processor.py:163} INFO - Started process (PID=292) to work on /opt/airflow/dags/gcs_to_bq_dag.py
[2022-02-14 13:33:44,096] {processor.py:642} INFO - Processing file /opt/airflow/dags/gcs_to_bq_dag.py for tasks to queue
[2022-02-14 13:33:44,097] {logging_mixin.py:109} INFO - [2022-02-14 13:33:44,097] {dagbag.py:500} INFO - Filling up the DagBag from /opt/airflow/dags/gcs_to_bq_dag.py
[2022-02-14 13:33:44,846] {processor.py:654} INFO - DAG(s) dict_keys(['gcs_2_bq_dag']) retrieved from /opt/airflow/dags/gcs_to_bq_dag.py
[2022-02-14 13:33:44,857] {logging_mixin.py:109} INFO - [2022-02-14 13:33:44,857] {dag.py:2396} INFO - Sync 1 DAGs
[2022-02-14 13:33:44,942] {logging_mixin.py:109} INFO - [2022-02-14 13:33:44,942] {dag.py:2935} INFO - Setting next_dagrun for gcs_2_bq_dag to 2022-02-13 00:00:00+00:00
[2022-02-14 13:33:44,955] {processor.py:171} INFO - Processing /opt/airflow/dags/gcs_to_bq_dag.py took 0.867 seconds
[2022-02-14 13:34:15,051] {processor.py:163} INFO - Started process (PID=325) to work on /opt/airflow/dags/gcs_to_bq_dag.py
[2022-02-14 13:34:15,052] {processor.py:642} INFO - Processing file /opt/airflow/dags/gcs_to_bq_dag.py for tasks to queue
[2022-02-14 13:34:15,053] {logging_mixin.py:109} INFO - [2022-02-14 13:34:15,053] {dagbag.py:500} INFO - Filling up the DagBag from /opt/airflow/dags/gcs_to_bq_dag.py
[2022-02-14 13:34:15,825] {processor.py:654} INFO - DAG(s) dict_keys(['gcs_2_bq_dag']) retrieved from /opt/airflow/dags/gcs_to_bq_dag.py
[2022-02-14 13:34:15,837] {logging_mixin.py:109} INFO - [2022-02-14 13:34:15,837] {dag.py:2396} INFO - Sync 1 DAGs
[2022-02-14 13:34:15,926] {logging_mixin.py:109} INFO - [2022-02-14 13:34:15,926] {dag.py:2935} INFO - Setting next_dagrun for gcs_2_bq_dag to 2022-02-13 00:00:00+00:00
[2022-02-14 13:34:15,937] {processor.py:171} INFO - Processing /opt/airflow/dags/gcs_to_bq_dag.py took 0.892 seconds
[2022-02-14 13:34:46,033] {processor.py:163} INFO - Started process (PID=358) to work on /opt/airflow/dags/gcs_to_bq_dag.py
[2022-02-14 13:34:46,037] {processor.py:642} INFO - Processing file /opt/airflow/dags/gcs_to_bq_dag.py for tasks to queue
[2022-02-14 13:34:46,037] {logging_mixin.py:109} INFO - [2022-02-14 13:34:46,037] {dagbag.py:500} INFO - Filling up the DagBag from /opt/airflow/dags/gcs_to_bq_dag.py
[2022-02-14 13:34:46,766] {processor.py:654} INFO - DAG(s) dict_keys(['gcs_2_bq_dag']) retrieved from /opt/airflow/dags/gcs_to_bq_dag.py
[2022-02-14 13:34:46,778] {logging_mixin.py:109} INFO - [2022-02-14 13:34:46,777] {dag.py:2396} INFO - Sync 1 DAGs
[2022-02-14 13:34:46,860] {logging_mixin.py:109} INFO - [2022-02-14 13:34:46,860] {dag.py:2935} INFO - Setting next_dagrun for gcs_2_bq_dag to 2022-02-13 00:00:00+00:00
[2022-02-14 13:34:46,871] {processor.py:171} INFO - Processing /opt/airflow/dags/gcs_to_bq_dag.py took 0.843 seconds
[2022-02-14 13:35:16,963] {processor.py:163} INFO - Started process (PID=511) to work on /opt/airflow/dags/gcs_to_bq_dag.py
[2022-02-14 13:35:16,965] {processor.py:642} INFO - Processing file /opt/airflow/dags/gcs_to_bq_dag.py for tasks to queue
[2022-02-14 13:35:16,966] {logging_mixin.py:109} INFO - [2022-02-14 13:35:16,965] {dagbag.py:500} INFO - Filling up the DagBag from /opt/airflow/dags/gcs_to_bq_dag.py
[2022-02-14 13:35:17,713] {processor.py:654} INFO - DAG(s) dict_keys(['gcs_2_bq_dag']) retrieved from /opt/airflow/dags/gcs_to_bq_dag.py
[2022-02-14 13:35:17,783] {logging_mixin.py:109} INFO - [2022-02-14 13:35:17,783] {dag.py:2396} INFO - Sync 1 DAGs
[2022-02-14 13:35:17,812] {processor.py:171} INFO - Processing /opt/airflow/dags/gcs_to_bq_dag.py took 0.854 seconds
[2022-02-14 13:35:47,912] {processor.py:163} INFO - Started process (PID=544) to work on /opt/airflow/dags/gcs_to_bq_dag.py
[2022-02-14 13:35:47,913] {processor.py:642} INFO - Processing file /opt/airflow/dags/gcs_to_bq_dag.py for tasks to queue
[2022-02-14 13:35:47,914] {logging_mixin.py:109} INFO - [2022-02-14 13:35:47,914] {dagbag.py:500} INFO - Filling up the DagBag from /opt/airflow/dags/gcs_to_bq_dag.py
[2022-02-14 13:35:48,662] {processor.py:654} INFO - DAG(s) dict_keys(['gcs_2_bq_dag']) retrieved from /opt/airflow/dags/gcs_to_bq_dag.py
[2022-02-14 13:35:48,732] {logging_mixin.py:109} INFO - [2022-02-14 13:35:48,731] {dag.py:2396} INFO - Sync 1 DAGs
[2022-02-14 13:35:48,757] {processor.py:171} INFO - Processing /opt/airflow/dags/gcs_to_bq_dag.py took 0.851 seconds
[2022-02-14 13:36:18,852] {processor.py:163} INFO - Started process (PID=577) to work on /opt/airflow/dags/gcs_to_bq_dag.py
[2022-02-14 13:36:18,853] {processor.py:642} INFO - Processing file /opt/airflow/dags/gcs_to_bq_dag.py for tasks to queue
[2022-02-14 13:36:18,854] {logging_mixin.py:109} INFO - [2022-02-14 13:36:18,854] {dagbag.py:500} INFO - Filling up the DagBag from /opt/airflow/dags/gcs_to_bq_dag.py
[2022-02-14 13:36:19,603] {processor.py:654} INFO - DAG(s) dict_keys(['gcs_2_bq_dag']) retrieved from /opt/airflow/dags/gcs_to_bq_dag.py
[2022-02-14 13:36:19,680] {logging_mixin.py:109} INFO - [2022-02-14 13:36:19,680] {dag.py:2396} INFO - Sync 1 DAGs
[2022-02-14 13:36:19,709] {processor.py:171} INFO - Processing /opt/airflow/dags/gcs_to_bq_dag.py took 0.863 seconds
[2022-02-14 13:36:49,804] {processor.py:163} INFO - Started process (PID=610) to work on /opt/airflow/dags/gcs_to_bq_dag.py
[2022-02-14 13:36:49,808] {processor.py:642} INFO - Processing file /opt/airflow/dags/gcs_to_bq_dag.py for tasks to queue
[2022-02-14 13:36:49,809] {logging_mixin.py:109} INFO - [2022-02-14 13:36:49,808] {dagbag.py:500} INFO - Filling up the DagBag from /opt/airflow/dags/gcs_to_bq_dag.py
[2022-02-14 13:36:50,608] {processor.py:654} INFO - DAG(s) dict_keys(['gcs_2_bq_dag']) retrieved from /opt/airflow/dags/gcs_to_bq_dag.py
[2022-02-14 13:36:50,619] {logging_mixin.py:109} INFO - [2022-02-14 13:36:50,618] {dag.py:2396} INFO - Sync 1 DAGs
[2022-02-14 13:36:50,645] {processor.py:171} INFO - Processing /opt/airflow/dags/gcs_to_bq_dag.py took 0.846 seconds
[2022-02-14 13:37:20,736] {processor.py:163} INFO - Started process (PID=643) to work on /opt/airflow/dags/gcs_to_bq_dag.py
[2022-02-14 13:37:20,737] {processor.py:642} INFO - Processing file /opt/airflow/dags/gcs_to_bq_dag.py for tasks to queue
[2022-02-14 13:37:20,738] {logging_mixin.py:109} INFO - [2022-02-14 13:37:20,738] {dagbag.py:500} INFO - Filling up the DagBag from /opt/airflow/dags/gcs_to_bq_dag.py
[2022-02-14 13:37:21,548] {processor.py:654} INFO - DAG(s) dict_keys(['gcs_2_bq_dag']) retrieved from /opt/airflow/dags/gcs_to_bq_dag.py
[2022-02-14 13:37:21,559] {logging_mixin.py:109} INFO - [2022-02-14 13:37:21,559] {dag.py:2396} INFO - Sync 1 DAGs
[2022-02-14 13:37:21,586] {processor.py:171} INFO - Processing /opt/airflow/dags/gcs_to_bq_dag.py took 0.856 seconds
[2022-02-14 13:37:51,681] {processor.py:163} INFO - Started process (PID=676) to work on /opt/airflow/dags/gcs_to_bq_dag.py
[2022-02-14 13:37:51,685] {processor.py:642} INFO - Processing file /opt/airflow/dags/gcs_to_bq_dag.py for tasks to queue
[2022-02-14 13:37:51,686] {logging_mixin.py:109} INFO - [2022-02-14 13:37:51,685] {dagbag.py:500} INFO - Filling up the DagBag from /opt/airflow/dags/gcs_to_bq_dag.py
[2022-02-14 13:37:52,478] {processor.py:654} INFO - DAG(s) dict_keys(['gcs_2_bq_dag']) retrieved from /opt/airflow/dags/gcs_to_bq_dag.py
[2022-02-14 13:37:52,489] {logging_mixin.py:109} INFO - [2022-02-14 13:37:52,488] {dag.py:2396} INFO - Sync 1 DAGs
[2022-02-14 13:37:52,515] {processor.py:171} INFO - Processing /opt/airflow/dags/gcs_to_bq_dag.py took 0.839 seconds
[2022-02-14 13:38:22,668] {processor.py:163} INFO - Started process (PID=709) to work on /opt/airflow/dags/gcs_to_bq_dag.py
[2022-02-14 13:38:22,669] {processor.py:642} INFO - Processing file /opt/airflow/dags/gcs_to_bq_dag.py for tasks to queue
[2022-02-14 13:38:22,670] {logging_mixin.py:109} INFO - [2022-02-14 13:38:22,670] {dagbag.py:500} INFO - Filling up the DagBag from /opt/airflow/dags/gcs_to_bq_dag.py
[2022-02-14 13:38:23,461] {processor.py:654} INFO - DAG(s) dict_keys(['gcs_2_bq_dag']) retrieved from /opt/airflow/dags/gcs_to_bq_dag.py
[2022-02-14 13:38:23,472] {logging_mixin.py:109} INFO - [2022-02-14 13:38:23,472] {dag.py:2396} INFO - Sync 1 DAGs
[2022-02-14 13:38:23,500] {processor.py:171} INFO - Processing /opt/airflow/dags/gcs_to_bq_dag.py took 0.838 seconds
[2022-02-14 13:38:43,574] {processor.py:163} INFO - Started process (PID=742) to work on /opt/airflow/dags/gcs_to_bq_dag.py
[2022-02-14 13:38:43,575] {processor.py:642} INFO - Processing file /opt/airflow/dags/gcs_to_bq_dag.py for tasks to queue
[2022-02-14 13:38:43,576] {logging_mixin.py:109} INFO - [2022-02-14 13:38:43,576] {dagbag.py:500} INFO - Filling up the DagBag from /opt/airflow/dags/gcs_to_bq_dag.py
[2022-02-14 13:38:44,379] {processor.py:654} INFO - DAG(s) dict_keys(['gcs_2_bq_dag']) retrieved from /opt/airflow/dags/gcs_to_bq_dag.py
[2022-02-14 13:38:44,584] {logging_mixin.py:109} INFO - [2022-02-14 13:38:44,584] {dag.py:2396} INFO - Sync 1 DAGs
[2022-02-14 13:38:44,613] {processor.py:171} INFO - Processing /opt/airflow/dags/gcs_to_bq_dag.py took 1.044 seconds
[2022-02-14 13:39:14,719] {processor.py:163} INFO - Started process (PID=805) to work on /opt/airflow/dags/gcs_to_bq_dag.py
[2022-02-14 13:39:14,720] {processor.py:642} INFO - Processing file /opt/airflow/dags/gcs_to_bq_dag.py for tasks to queue
[2022-02-14 13:39:14,721] {logging_mixin.py:109} INFO - [2022-02-14 13:39:14,721] {dagbag.py:500} INFO - Filling up the DagBag from /opt/airflow/dags/gcs_to_bq_dag.py
[2022-02-14 13:39:15,509] {processor.py:654} INFO - DAG(s) dict_keys(['gcs_2_bq_dag']) retrieved from /opt/airflow/dags/gcs_to_bq_dag.py
[2022-02-14 13:39:15,520] {logging_mixin.py:109} INFO - [2022-02-14 13:39:15,520] {dag.py:2396} INFO - Sync 1 DAGs
[2022-02-14 13:39:15,549] {processor.py:171} INFO - Processing /opt/airflow/dags/gcs_to_bq_dag.py took 0.836 seconds
[2022-02-14 13:39:45,644] {processor.py:163} INFO - Started process (PID=838) to work on /opt/airflow/dags/gcs_to_bq_dag.py
[2022-02-14 13:39:45,647] {processor.py:642} INFO - Processing file /opt/airflow/dags/gcs_to_bq_dag.py for tasks to queue
[2022-02-14 13:39:45,648] {logging_mixin.py:109} INFO - [2022-02-14 13:39:45,648] {dagbag.py:500} INFO - Filling up the DagBag from /opt/airflow/dags/gcs_to_bq_dag.py
[2022-02-14 13:39:46,508] {processor.py:654} INFO - DAG(s) dict_keys(['gcs_2_bq_dag']) retrieved from /opt/airflow/dags/gcs_to_bq_dag.py
[2022-02-14 13:39:46,518] {logging_mixin.py:109} INFO - [2022-02-14 13:39:46,518] {dag.py:2396} INFO - Sync 1 DAGs
[2022-02-14 13:39:46,546] {processor.py:171} INFO - Processing /opt/airflow/dags/gcs_to_bq_dag.py took 0.907 seconds
[2022-02-14 13:40:16,637] {processor.py:163} INFO - Started process (PID=901) to work on /opt/airflow/dags/gcs_to_bq_dag.py
[2022-02-14 13:40:16,639] {processor.py:642} INFO - Processing file /opt/airflow/dags/gcs_to_bq_dag.py for tasks to queue
[2022-02-14 13:40:16,640] {logging_mixin.py:109} INFO - [2022-02-14 13:40:16,639] {dagbag.py:500} INFO - Filling up the DagBag from /opt/airflow/dags/gcs_to_bq_dag.py
[2022-02-14 13:40:17,436] {processor.py:654} INFO - DAG(s) dict_keys(['gcs_2_bq_dag']) retrieved from /opt/airflow/dags/gcs_to_bq_dag.py
[2022-02-14 13:40:17,446] {logging_mixin.py:109} INFO - [2022-02-14 13:40:17,446] {dag.py:2396} INFO - Sync 1 DAGs
[2022-02-14 13:40:17,472] {processor.py:171} INFO - Processing /opt/airflow/dags/gcs_to_bq_dag.py took 0.840 seconds
[2022-02-14 13:40:47,566] {processor.py:163} INFO - Started process (PID=934) to work on /opt/airflow/dags/gcs_to_bq_dag.py
[2022-02-14 13:40:47,567] {processor.py:642} INFO - Processing file /opt/airflow/dags/gcs_to_bq_dag.py for tasks to queue
[2022-02-14 13:40:47,568] {logging_mixin.py:109} INFO - [2022-02-14 13:40:47,568] {dagbag.py:500} INFO - Filling up the DagBag from /opt/airflow/dags/gcs_to_bq_dag.py
[2022-02-14 13:40:48,380] {processor.py:654} INFO - DAG(s) dict_keys(['gcs_2_bq_dag']) retrieved from /opt/airflow/dags/gcs_to_bq_dag.py
[2022-02-14 13:40:48,392] {logging_mixin.py:109} INFO - [2022-02-14 13:40:48,392] {dag.py:2396} INFO - Sync 1 DAGs
[2022-02-14 13:40:48,418] {processor.py:171} INFO - Processing /opt/airflow/dags/gcs_to_bq_dag.py took 0.857 seconds
[2022-02-14 13:41:18,514] {processor.py:163} INFO - Started process (PID=967) to work on /opt/airflow/dags/gcs_to_bq_dag.py
[2022-02-14 13:41:18,515] {processor.py:642} INFO - Processing file /opt/airflow/dags/gcs_to_bq_dag.py for tasks to queue
[2022-02-14 13:41:18,516] {logging_mixin.py:109} INFO - [2022-02-14 13:41:18,516] {dagbag.py:500} INFO - Filling up the DagBag from /opt/airflow/dags/gcs_to_bq_dag.py
[2022-02-14 13:41:19,302] {processor.py:654} INFO - DAG(s) dict_keys(['gcs_2_bq_dag']) retrieved from /opt/airflow/dags/gcs_to_bq_dag.py
[2022-02-14 13:41:19,313] {logging_mixin.py:109} INFO - [2022-02-14 13:41:19,313] {dag.py:2396} INFO - Sync 1 DAGs
[2022-02-14 13:41:19,339] {processor.py:171} INFO - Processing /opt/airflow/dags/gcs_to_bq_dag.py took 0.829 seconds
[2022-02-14 13:41:49,432] {processor.py:163} INFO - Started process (PID=1000) to work on /opt/airflow/dags/gcs_to_bq_dag.py
[2022-02-14 13:41:49,433] {processor.py:642} INFO - Processing file /opt/airflow/dags/gcs_to_bq_dag.py for tasks to queue
[2022-02-14 13:41:49,434] {logging_mixin.py:109} INFO - [2022-02-14 13:41:49,434] {dagbag.py:500} INFO - Filling up the DagBag from /opt/airflow/dags/gcs_to_bq_dag.py
[2022-02-14 13:41:50,256] {processor.py:654} INFO - DAG(s) dict_keys(['gcs_2_bq_dag']) retrieved from /opt/airflow/dags/gcs_to_bq_dag.py
[2022-02-14 13:41:50,268] {logging_mixin.py:109} INFO - [2022-02-14 13:41:50,267] {dag.py:2396} INFO - Sync 1 DAGs
[2022-02-14 13:41:50,293] {processor.py:171} INFO - Processing /opt/airflow/dags/gcs_to_bq_dag.py took 0.867 seconds
[2022-02-14 13:42:20,446] {processor.py:163} INFO - Started process (PID=1033) to work on /opt/airflow/dags/gcs_to_bq_dag.py
[2022-02-14 13:42:20,448] {processor.py:642} INFO - Processing file /opt/airflow/dags/gcs_to_bq_dag.py for tasks to queue
[2022-02-14 13:42:20,449] {logging_mixin.py:109} INFO - [2022-02-14 13:42:20,449] {dagbag.py:500} INFO - Filling up the DagBag from /opt/airflow/dags/gcs_to_bq_dag.py
[2022-02-14 13:42:21,251] {processor.py:654} INFO - DAG(s) dict_keys(['gcs_2_bq_dag']) retrieved from /opt/airflow/dags/gcs_to_bq_dag.py
[2022-02-14 13:42:21,263] {logging_mixin.py:109} INFO - [2022-02-14 13:42:21,263] {dag.py:2396} INFO - Sync 1 DAGs
[2022-02-14 13:42:21,288] {processor.py:171} INFO - Processing /opt/airflow/dags/gcs_to_bq_dag.py took 0.847 seconds
[2022-02-14 13:42:51,382] {processor.py:163} INFO - Started process (PID=1066) to work on /opt/airflow/dags/gcs_to_bq_dag.py
[2022-02-14 13:42:51,385] {processor.py:642} INFO - Processing file /opt/airflow/dags/gcs_to_bq_dag.py for tasks to queue
[2022-02-14 13:42:51,386] {logging_mixin.py:109} INFO - [2022-02-14 13:42:51,386] {dagbag.py:500} INFO - Filling up the DagBag from /opt/airflow/dags/gcs_to_bq_dag.py
[2022-02-14 13:42:52,205] {processor.py:654} INFO - DAG(s) dict_keys(['gcs_2_bq_dag']) retrieved from /opt/airflow/dags/gcs_to_bq_dag.py
[2022-02-14 13:42:52,216] {logging_mixin.py:109} INFO - [2022-02-14 13:42:52,216] {dag.py:2396} INFO - Sync 1 DAGs
[2022-02-14 13:42:52,245] {processor.py:171} INFO - Processing /opt/airflow/dags/gcs_to_bq_dag.py took 0.868 seconds
[2022-02-14 13:43:22,341] {processor.py:163} INFO - Started process (PID=1099) to work on /opt/airflow/dags/gcs_to_bq_dag.py
[2022-02-14 13:43:22,343] {processor.py:642} INFO - Processing file /opt/airflow/dags/gcs_to_bq_dag.py for tasks to queue
[2022-02-14 13:43:22,343] {logging_mixin.py:109} INFO - [2022-02-14 13:43:22,343] {dagbag.py:500} INFO - Filling up the DagBag from /opt/airflow/dags/gcs_to_bq_dag.py
[2022-02-14 13:43:23,141] {processor.py:654} INFO - DAG(s) dict_keys(['gcs_2_bq_dag']) retrieved from /opt/airflow/dags/gcs_to_bq_dag.py
[2022-02-14 13:43:23,152] {logging_mixin.py:109} INFO - [2022-02-14 13:43:23,152] {dag.py:2396} INFO - Sync 1 DAGs
[2022-02-14 13:43:23,179] {processor.py:171} INFO - Processing /opt/airflow/dags/gcs_to_bq_dag.py took 0.843 seconds
[2022-02-14 13:43:53,274] {processor.py:163} INFO - Started process (PID=1132) to work on /opt/airflow/dags/gcs_to_bq_dag.py
[2022-02-14 13:43:53,275] {processor.py:642} INFO - Processing file /opt/airflow/dags/gcs_to_bq_dag.py for tasks to queue
[2022-02-14 13:43:53,276] {logging_mixin.py:109} INFO - [2022-02-14 13:43:53,275] {dagbag.py:500} INFO - Filling up the DagBag from /opt/airflow/dags/gcs_to_bq_dag.py
[2022-02-14 13:43:54,083] {processor.py:654} INFO - DAG(s) dict_keys(['gcs_2_bq_dag']) retrieved from /opt/airflow/dags/gcs_to_bq_dag.py
[2022-02-14 13:43:54,094] {logging_mixin.py:109} INFO - [2022-02-14 13:43:54,094] {dag.py:2396} INFO - Sync 1 DAGs
[2022-02-14 13:43:54,122] {processor.py:171} INFO - Processing /opt/airflow/dags/gcs_to_bq_dag.py took 0.853 seconds
[2022-02-14 13:43:58,828] {processor.py:163} INFO - Started process (PID=1165) to work on /opt/airflow/dags/gcs_to_bq_dag.py
[2022-02-14 13:43:58,830] {processor.py:642} INFO - Processing file /opt/airflow/dags/gcs_to_bq_dag.py for tasks to queue
[2022-02-14 13:43:58,831] {logging_mixin.py:109} INFO - [2022-02-14 13:43:58,830] {dagbag.py:500} INFO - Filling up the DagBag from /opt/airflow/dags/gcs_to_bq_dag.py
[2022-02-14 13:43:59,630] {processor.py:654} INFO - DAG(s) dict_keys(['gcs_2_bq_dag']) retrieved from /opt/airflow/dags/gcs_to_bq_dag.py
[2022-02-14 13:43:59,831] {logging_mixin.py:109} INFO - [2022-02-14 13:43:59,830] {dag.py:2396} INFO - Sync 1 DAGs
[2022-02-14 13:43:59,864] {processor.py:171} INFO - Processing /opt/airflow/dags/gcs_to_bq_dag.py took 1.041 seconds
[2022-02-14 13:44:29,977] {processor.py:163} INFO - Started process (PID=1228) to work on /opt/airflow/dags/gcs_to_bq_dag.py
[2022-02-14 13:44:29,978] {processor.py:642} INFO - Processing file /opt/airflow/dags/gcs_to_bq_dag.py for tasks to queue
[2022-02-14 13:44:29,979] {logging_mixin.py:109} INFO - [2022-02-14 13:44:29,978] {dagbag.py:500} INFO - Filling up the DagBag from /opt/airflow/dags/gcs_to_bq_dag.py
[2022-02-14 13:44:30,784] {processor.py:654} INFO - DAG(s) dict_keys(['gcs_2_bq_dag']) retrieved from /opt/airflow/dags/gcs_to_bq_dag.py
[2022-02-14 13:44:30,794] {logging_mixin.py:109} INFO - [2022-02-14 13:44:30,794] {dag.py:2396} INFO - Sync 1 DAGs
[2022-02-14 13:44:30,811] {logging_mixin.py:109} INFO - [2022-02-14 13:44:30,811] {dag.py:2935} INFO - Setting next_dagrun for gcs_2_bq_dag to 2022-02-14T00:00:00+00:00
[2022-02-14 13:44:30,823] {processor.py:171} INFO - Processing /opt/airflow/dags/gcs_to_bq_dag.py took 0.852 seconds
[2022-02-14 13:45:00,917] {processor.py:163} INFO - Started process (PID=1261) to work on /opt/airflow/dags/gcs_to_bq_dag.py
[2022-02-14 13:45:00,919] {processor.py:642} INFO - Processing file /opt/airflow/dags/gcs_to_bq_dag.py for tasks to queue
[2022-02-14 13:45:00,920] {logging_mixin.py:109} INFO - [2022-02-14 13:45:00,920] {dagbag.py:500} INFO - Filling up the DagBag from /opt/airflow/dags/gcs_to_bq_dag.py
[2022-02-14 13:45:01,744] {processor.py:654} INFO - DAG(s) dict_keys(['gcs_2_bq_dag']) retrieved from /opt/airflow/dags/gcs_to_bq_dag.py
[2022-02-14 13:45:01,755] {logging_mixin.py:109} INFO - [2022-02-14 13:45:01,754] {dag.py:2396} INFO - Sync 1 DAGs
[2022-02-14 13:45:01,773] {logging_mixin.py:109} INFO - [2022-02-14 13:45:01,772] {dag.py:2935} INFO - Setting next_dagrun for gcs_2_bq_dag to 2022-02-14T00:00:00+00:00
[2022-02-14 13:45:01,786] {processor.py:171} INFO - Processing /opt/airflow/dags/gcs_to_bq_dag.py took 0.873 seconds
[2022-02-14 13:45:31,879] {processor.py:163} INFO - Started process (PID=1354) to work on /opt/airflow/dags/gcs_to_bq_dag.py
[2022-02-14 13:45:31,880] {processor.py:642} INFO - Processing file /opt/airflow/dags/gcs_to_bq_dag.py for tasks to queue
[2022-02-14 13:45:31,881] {logging_mixin.py:109} INFO - [2022-02-14 13:45:31,881] {dagbag.py:500} INFO - Filling up the DagBag from /opt/airflow/dags/gcs_to_bq_dag.py
[2022-02-14 13:45:32,731] {processor.py:654} INFO - DAG(s) dict_keys(['gcs_2_bq_dag']) retrieved from /opt/airflow/dags/gcs_to_bq_dag.py
[2022-02-14 13:45:32,741] {logging_mixin.py:109} INFO - [2022-02-14 13:45:32,741] {dag.py:2396} INFO - Sync 1 DAGs
[2022-02-14 13:45:32,768] {processor.py:171} INFO - Processing /opt/airflow/dags/gcs_to_bq_dag.py took 0.895 seconds
[2022-02-14 13:46:02,864] {processor.py:163} INFO - Started process (PID=1387) to work on /opt/airflow/dags/gcs_to_bq_dag.py
[2022-02-14 13:46:02,868] {processor.py:642} INFO - Processing file /opt/airflow/dags/gcs_to_bq_dag.py for tasks to queue
[2022-02-14 13:46:02,868] {logging_mixin.py:109} INFO - [2022-02-14 13:46:02,868] {dagbag.py:500} INFO - Filling up the DagBag from /opt/airflow/dags/gcs_to_bq_dag.py
[2022-02-14 13:46:03,665] {processor.py:654} INFO - DAG(s) dict_keys(['gcs_2_bq_dag']) retrieved from /opt/airflow/dags/gcs_to_bq_dag.py
[2022-02-14 13:46:03,676] {logging_mixin.py:109} INFO - [2022-02-14 13:46:03,675] {dag.py:2396} INFO - Sync 1 DAGs
[2022-02-14 13:46:03,704] {processor.py:171} INFO - Processing /opt/airflow/dags/gcs_to_bq_dag.py took 0.845 seconds
[2022-02-14 13:46:33,797] {processor.py:163} INFO - Started process (PID=1420) to work on /opt/airflow/dags/gcs_to_bq_dag.py
[2022-02-14 13:46:33,799] {processor.py:642} INFO - Processing file /opt/airflow/dags/gcs_to_bq_dag.py for tasks to queue
[2022-02-14 13:46:33,800] {logging_mixin.py:109} INFO - [2022-02-14 13:46:33,800] {dagbag.py:500} INFO - Filling up the DagBag from /opt/airflow/dags/gcs_to_bq_dag.py
[2022-02-14 13:46:34,595] {processor.py:654} INFO - DAG(s) dict_keys(['gcs_2_bq_dag']) retrieved from /opt/airflow/dags/gcs_to_bq_dag.py
[2022-02-14 13:46:34,606] {logging_mixin.py:109} INFO - [2022-02-14 13:46:34,605] {dag.py:2396} INFO - Sync 1 DAGs
[2022-02-14 13:46:34,634] {processor.py:171} INFO - Processing /opt/airflow/dags/gcs_to_bq_dag.py took 0.842 seconds
[2022-02-14 13:47:04,726] {processor.py:163} INFO - Started process (PID=1453) to work on /opt/airflow/dags/gcs_to_bq_dag.py
[2022-02-14 13:47:04,728] {processor.py:642} INFO - Processing file /opt/airflow/dags/gcs_to_bq_dag.py for tasks to queue
[2022-02-14 13:47:04,729] {logging_mixin.py:109} INFO - [2022-02-14 13:47:04,728] {dagbag.py:500} INFO - Filling up the DagBag from /opt/airflow/dags/gcs_to_bq_dag.py
[2022-02-14 13:47:05,504] {processor.py:654} INFO - DAG(s) dict_keys(['gcs_2_bq_dag']) retrieved from /opt/airflow/dags/gcs_to_bq_dag.py
[2022-02-14 13:47:05,515] {logging_mixin.py:109} INFO - [2022-02-14 13:47:05,515] {dag.py:2396} INFO - Sync 1 DAGs
[2022-02-14 13:47:05,544] {processor.py:171} INFO - Processing /opt/airflow/dags/gcs_to_bq_dag.py took 0.823 seconds
[2022-02-14 13:47:35,716] {processor.py:163} INFO - Started process (PID=1486) to work on /opt/airflow/dags/gcs_to_bq_dag.py
[2022-02-14 13:47:35,717] {processor.py:642} INFO - Processing file /opt/airflow/dags/gcs_to_bq_dag.py for tasks to queue
[2022-02-14 13:47:35,718] {logging_mixin.py:109} INFO - [2022-02-14 13:47:35,718] {dagbag.py:500} INFO - Filling up the DagBag from /opt/airflow/dags/gcs_to_bq_dag.py
[2022-02-14 13:47:36,501] {processor.py:654} INFO - DAG(s) dict_keys(['gcs_2_bq_dag']) retrieved from /opt/airflow/dags/gcs_to_bq_dag.py
[2022-02-14 13:47:36,510] {logging_mixin.py:109} INFO - [2022-02-14 13:47:36,510] {dag.py:2396} INFO - Sync 1 DAGs
[2022-02-14 13:47:36,535] {processor.py:171} INFO - Processing /opt/airflow/dags/gcs_to_bq_dag.py took 0.825 seconds
[2022-02-14 13:48:06,629] {processor.py:163} INFO - Started process (PID=1519) to work on /opt/airflow/dags/gcs_to_bq_dag.py
[2022-02-14 13:48:06,632] {processor.py:642} INFO - Processing file /opt/airflow/dags/gcs_to_bq_dag.py for tasks to queue
[2022-02-14 13:48:06,633] {logging_mixin.py:109} INFO - [2022-02-14 13:48:06,633] {dagbag.py:500} INFO - Filling up the DagBag from /opt/airflow/dags/gcs_to_bq_dag.py
[2022-02-14 13:48:07,437] {processor.py:654} INFO - DAG(s) dict_keys(['gcs_2_bq_dag']) retrieved from /opt/airflow/dags/gcs_to_bq_dag.py
[2022-02-14 13:48:07,447] {logging_mixin.py:109} INFO - [2022-02-14 13:48:07,447] {dag.py:2396} INFO - Sync 1 DAGs
[2022-02-14 13:48:07,473] {processor.py:171} INFO - Processing /opt/airflow/dags/gcs_to_bq_dag.py took 0.850 seconds
[2022-02-14 13:48:37,568] {processor.py:163} INFO - Started process (PID=1552) to work on /opt/airflow/dags/gcs_to_bq_dag.py
[2022-02-14 13:48:37,570] {processor.py:642} INFO - Processing file /opt/airflow/dags/gcs_to_bq_dag.py for tasks to queue
[2022-02-14 13:48:37,571] {logging_mixin.py:109} INFO - [2022-02-14 13:48:37,570] {dagbag.py:500} INFO - Filling up the DagBag from /opt/airflow/dags/gcs_to_bq_dag.py
[2022-02-14 13:48:38,360] {processor.py:654} INFO - DAG(s) dict_keys(['gcs_2_bq_dag']) retrieved from /opt/airflow/dags/gcs_to_bq_dag.py
[2022-02-14 13:48:38,371] {logging_mixin.py:109} INFO - [2022-02-14 13:48:38,371] {dag.py:2396} INFO - Sync 1 DAGs
[2022-02-14 13:48:38,398] {processor.py:171} INFO - Processing /opt/airflow/dags/gcs_to_bq_dag.py took 0.835 seconds
[2022-02-14 13:49:08,492] {processor.py:163} INFO - Started process (PID=1585) to work on /opt/airflow/dags/gcs_to_bq_dag.py
[2022-02-14 13:49:08,494] {processor.py:642} INFO - Processing file /opt/airflow/dags/gcs_to_bq_dag.py for tasks to queue
[2022-02-14 13:49:08,495] {logging_mixin.py:109} INFO - [2022-02-14 13:49:08,495] {dagbag.py:500} INFO - Filling up the DagBag from /opt/airflow/dags/gcs_to_bq_dag.py
[2022-02-14 13:49:09,311] {processor.py:654} INFO - DAG(s) dict_keys(['gcs_2_bq_dag']) retrieved from /opt/airflow/dags/gcs_to_bq_dag.py
[2022-02-14 13:49:09,322] {logging_mixin.py:109} INFO - [2022-02-14 13:49:09,322] {dag.py:2396} INFO - Sync 1 DAGs
[2022-02-14 13:49:09,349] {processor.py:171} INFO - Processing /opt/airflow/dags/gcs_to_bq_dag.py took 0.862 seconds
[2022-02-14 13:49:39,444] {processor.py:163} INFO - Started process (PID=1618) to work on /opt/airflow/dags/gcs_to_bq_dag.py
[2022-02-14 13:49:39,445] {processor.py:642} INFO - Processing file /opt/airflow/dags/gcs_to_bq_dag.py for tasks to queue
[2022-02-14 13:49:39,446] {logging_mixin.py:109} INFO - [2022-02-14 13:49:39,446] {dagbag.py:500} INFO - Filling up the DagBag from /opt/airflow/dags/gcs_to_bq_dag.py
[2022-02-14 13:49:40,269] {processor.py:654} INFO - DAG(s) dict_keys(['gcs_2_bq_dag']) retrieved from /opt/airflow/dags/gcs_to_bq_dag.py
[2022-02-14 13:49:40,280] {logging_mixin.py:109} INFO - [2022-02-14 13:49:40,280] {dag.py:2396} INFO - Sync 1 DAGs
[2022-02-14 13:49:40,309] {processor.py:171} INFO - Processing /opt/airflow/dags/gcs_to_bq_dag.py took 0.871 seconds
[2022-02-14 13:50:10,413] {processor.py:163} INFO - Started process (PID=1681) to work on /opt/airflow/dags/gcs_to_bq_dag.py
[2022-02-14 13:50:10,414] {processor.py:642} INFO - Processing file /opt/airflow/dags/gcs_to_bq_dag.py for tasks to queue
[2022-02-14 13:50:10,415] {logging_mixin.py:109} INFO - [2022-02-14 13:50:10,415] {dagbag.py:500} INFO - Filling up the DagBag from /opt/airflow/dags/gcs_to_bq_dag.py
[2022-02-14 13:50:11,223] {processor.py:654} INFO - DAG(s) dict_keys(['gcs_2_bq_dag']) retrieved from /opt/airflow/dags/gcs_to_bq_dag.py
[2022-02-14 13:50:11,234] {logging_mixin.py:109} INFO - [2022-02-14 13:50:11,234] {dag.py:2396} INFO - Sync 1 DAGs
[2022-02-14 13:50:11,260] {processor.py:171} INFO - Processing /opt/airflow/dags/gcs_to_bq_dag.py took 0.852 seconds
[2022-02-14 13:50:41,422] {processor.py:163} INFO - Started process (PID=1744) to work on /opt/airflow/dags/gcs_to_bq_dag.py
[2022-02-14 13:50:41,423] {processor.py:642} INFO - Processing file /opt/airflow/dags/gcs_to_bq_dag.py for tasks to queue
[2022-02-14 13:50:41,424] {logging_mixin.py:109} INFO - [2022-02-14 13:50:41,424] {dagbag.py:500} INFO - Filling up the DagBag from /opt/airflow/dags/gcs_to_bq_dag.py
[2022-02-14 13:50:42,256] {processor.py:654} INFO - DAG(s) dict_keys(['gcs_2_bq_dag']) retrieved from /opt/airflow/dags/gcs_to_bq_dag.py
[2022-02-14 13:50:42,269] {logging_mixin.py:109} INFO - [2022-02-14 13:50:42,268] {dag.py:2396} INFO - Sync 1 DAGs
[2022-02-14 13:50:42,288] {logging_mixin.py:109} INFO - [2022-02-14 13:50:42,288] {dag.py:2935} INFO - Setting next_dagrun for gcs_2_bq_dag to 2022-02-14T00:00:00+00:00
[2022-02-14 13:50:42,299] {processor.py:171} INFO - Processing /opt/airflow/dags/gcs_to_bq_dag.py took 0.882 seconds
[2022-02-14 13:51:12,401] {processor.py:163} INFO - Started process (PID=1777) to work on /opt/airflow/dags/gcs_to_bq_dag.py
[2022-02-14 13:51:12,402] {processor.py:642} INFO - Processing file /opt/airflow/dags/gcs_to_bq_dag.py for tasks to queue
[2022-02-14 13:51:12,403] {logging_mixin.py:109} INFO - [2022-02-14 13:51:12,403] {dagbag.py:500} INFO - Filling up the DagBag from /opt/airflow/dags/gcs_to_bq_dag.py
[2022-02-14 13:51:13,184] {processor.py:654} INFO - DAG(s) dict_keys(['gcs_2_bq_dag']) retrieved from /opt/airflow/dags/gcs_to_bq_dag.py
[2022-02-14 13:51:13,195] {logging_mixin.py:109} INFO - [2022-02-14 13:51:13,195] {dag.py:2396} INFO - Sync 1 DAGs
[2022-02-14 13:51:13,213] {logging_mixin.py:109} INFO - [2022-02-14 13:51:13,213] {dag.py:2935} INFO - Setting next_dagrun for gcs_2_bq_dag to 2022-02-14T00:00:00+00:00
[2022-02-14 13:51:13,224] {processor.py:171} INFO - Processing /opt/airflow/dags/gcs_to_bq_dag.py took 0.827 seconds
[2022-02-14 13:51:43,325] {processor.py:163} INFO - Started process (PID=1810) to work on /opt/airflow/dags/gcs_to_bq_dag.py
[2022-02-14 13:51:43,327] {processor.py:642} INFO - Processing file /opt/airflow/dags/gcs_to_bq_dag.py for tasks to queue
[2022-02-14 13:51:43,328] {logging_mixin.py:109} INFO - [2022-02-14 13:51:43,327] {dagbag.py:500} INFO - Filling up the DagBag from /opt/airflow/dags/gcs_to_bq_dag.py
[2022-02-14 13:51:44,169] {processor.py:654} INFO - DAG(s) dict_keys(['gcs_2_bq_dag']) retrieved from /opt/airflow/dags/gcs_to_bq_dag.py
[2022-02-14 13:51:44,183] {logging_mixin.py:109} INFO - [2022-02-14 13:51:44,183] {dag.py:2396} INFO - Sync 1 DAGs
[2022-02-14 13:51:44,206] {logging_mixin.py:109} INFO - [2022-02-14 13:51:44,205] {dag.py:2935} INFO - Setting next_dagrun for gcs_2_bq_dag to 2022-02-14T00:00:00+00:00
[2022-02-14 13:51:44,218] {processor.py:171} INFO - Processing /opt/airflow/dags/gcs_to_bq_dag.py took 0.899 seconds
[2022-02-14 13:52:14,316] {processor.py:163} INFO - Started process (PID=1843) to work on /opt/airflow/dags/gcs_to_bq_dag.py
[2022-02-14 13:52:14,317] {processor.py:642} INFO - Processing file /opt/airflow/dags/gcs_to_bq_dag.py for tasks to queue
[2022-02-14 13:52:14,318] {logging_mixin.py:109} INFO - [2022-02-14 13:52:14,318] {dagbag.py:500} INFO - Filling up the DagBag from /opt/airflow/dags/gcs_to_bq_dag.py
[2022-02-14 13:52:15,168] {processor.py:654} INFO - DAG(s) dict_keys(['gcs_2_bq_dag']) retrieved from /opt/airflow/dags/gcs_to_bq_dag.py
[2022-02-14 13:52:15,182] {logging_mixin.py:109} INFO - [2022-02-14 13:52:15,182] {dag.py:2396} INFO - Sync 1 DAGs
[2022-02-14 13:52:15,205] {logging_mixin.py:109} INFO - [2022-02-14 13:52:15,204] {dag.py:2935} INFO - Setting next_dagrun for gcs_2_bq_dag to 2022-02-14T00:00:00+00:00
[2022-02-14 13:52:15,219] {processor.py:171} INFO - Processing /opt/airflow/dags/gcs_to_bq_dag.py took 0.909 seconds
[2022-02-14 13:52:45,318] {processor.py:163} INFO - Started process (PID=1876) to work on /opt/airflow/dags/gcs_to_bq_dag.py
[2022-02-14 13:52:45,322] {processor.py:642} INFO - Processing file /opt/airflow/dags/gcs_to_bq_dag.py for tasks to queue
[2022-02-14 13:52:45,323] {logging_mixin.py:109} INFO - [2022-02-14 13:52:45,323] {dagbag.py:500} INFO - Filling up the DagBag from /opt/airflow/dags/gcs_to_bq_dag.py
[2022-02-14 13:52:46,146] {processor.py:654} INFO - DAG(s) dict_keys(['gcs_2_bq_dag']) retrieved from /opt/airflow/dags/gcs_to_bq_dag.py
[2022-02-14 13:52:46,156] {logging_mixin.py:109} INFO - [2022-02-14 13:52:46,156] {dag.py:2396} INFO - Sync 1 DAGs
[2022-02-14 13:52:46,173] {logging_mixin.py:109} INFO - [2022-02-14 13:52:46,173] {dag.py:2935} INFO - Setting next_dagrun for gcs_2_bq_dag to 2022-02-14T00:00:00+00:00
[2022-02-14 13:52:46,185] {processor.py:171} INFO - Processing /opt/airflow/dags/gcs_to_bq_dag.py took 0.872 seconds
[2022-02-14 13:53:16,279] {processor.py:163} INFO - Started process (PID=1909) to work on /opt/airflow/dags/gcs_to_bq_dag.py
[2022-02-14 13:53:16,281] {processor.py:642} INFO - Processing file /opt/airflow/dags/gcs_to_bq_dag.py for tasks to queue
[2022-02-14 13:53:16,282] {logging_mixin.py:109} INFO - [2022-02-14 13:53:16,282] {dagbag.py:500} INFO - Filling up the DagBag from /opt/airflow/dags/gcs_to_bq_dag.py
[2022-02-14 13:53:17,119] {processor.py:654} INFO - DAG(s) dict_keys(['gcs_2_bq_dag']) retrieved from /opt/airflow/dags/gcs_to_bq_dag.py
[2022-02-14 13:53:17,131] {logging_mixin.py:109} INFO - [2022-02-14 13:53:17,130] {dag.py:2396} INFO - Sync 1 DAGs
[2022-02-14 13:53:17,147] {logging_mixin.py:109} INFO - [2022-02-14 13:53:17,147] {dag.py:2935} INFO - Setting next_dagrun for gcs_2_bq_dag to 2022-02-14T00:00:00+00:00
[2022-02-14 13:53:17,160] {processor.py:171} INFO - Processing /opt/airflow/dags/gcs_to_bq_dag.py took 0.886 seconds
[2022-02-14 13:53:47,252] {processor.py:163} INFO - Started process (PID=1942) to work on /opt/airflow/dags/gcs_to_bq_dag.py
[2022-02-14 13:53:47,256] {processor.py:642} INFO - Processing file /opt/airflow/dags/gcs_to_bq_dag.py for tasks to queue
[2022-02-14 13:53:47,256] {logging_mixin.py:109} INFO - [2022-02-14 13:53:47,256] {dagbag.py:500} INFO - Filling up the DagBag from /opt/airflow/dags/gcs_to_bq_dag.py
[2022-02-14 13:53:48,098] {processor.py:654} INFO - DAG(s) dict_keys(['gcs_2_bq_dag']) retrieved from /opt/airflow/dags/gcs_to_bq_dag.py
[2022-02-14 13:53:48,108] {logging_mixin.py:109} INFO - [2022-02-14 13:53:48,108] {dag.py:2396} INFO - Sync 1 DAGs
[2022-02-14 13:53:48,125] {logging_mixin.py:109} INFO - [2022-02-14 13:53:48,125] {dag.py:2935} INFO - Setting next_dagrun for gcs_2_bq_dag to 2022-02-14T00:00:00+00:00
[2022-02-14 13:53:48,137] {processor.py:171} INFO - Processing /opt/airflow/dags/gcs_to_bq_dag.py took 0.891 seconds
[2022-02-14 13:54:18,284] {processor.py:163} INFO - Started process (PID=1975) to work on /opt/airflow/dags/gcs_to_bq_dag.py
[2022-02-14 13:54:18,287] {processor.py:642} INFO - Processing file /opt/airflow/dags/gcs_to_bq_dag.py for tasks to queue
[2022-02-14 13:54:18,288] {logging_mixin.py:109} INFO - [2022-02-14 13:54:18,288] {dagbag.py:500} INFO - Filling up the DagBag from /opt/airflow/dags/gcs_to_bq_dag.py
[2022-02-14 13:54:19,097] {processor.py:654} INFO - DAG(s) dict_keys(['gcs_2_bq_dag']) retrieved from /opt/airflow/dags/gcs_to_bq_dag.py
[2022-02-14 13:54:19,108] {logging_mixin.py:109} INFO - [2022-02-14 13:54:19,108] {dag.py:2396} INFO - Sync 1 DAGs
[2022-02-14 13:54:19,126] {logging_mixin.py:109} INFO - [2022-02-14 13:54:19,126] {dag.py:2935} INFO - Setting next_dagrun for gcs_2_bq_dag to 2022-02-14T00:00:00+00:00
[2022-02-14 13:54:19,138] {processor.py:171} INFO - Processing /opt/airflow/dags/gcs_to_bq_dag.py took 0.860 seconds
[2022-02-14 13:54:49,237] {processor.py:163} INFO - Started process (PID=2008) to work on /opt/airflow/dags/gcs_to_bq_dag.py
[2022-02-14 13:54:49,241] {processor.py:642} INFO - Processing file /opt/airflow/dags/gcs_to_bq_dag.py for tasks to queue
[2022-02-14 13:54:49,242] {logging_mixin.py:109} INFO - [2022-02-14 13:54:49,242] {dagbag.py:500} INFO - Filling up the DagBag from /opt/airflow/dags/gcs_to_bq_dag.py
[2022-02-14 13:54:50,049] {processor.py:654} INFO - DAG(s) dict_keys(['gcs_2_bq_dag']) retrieved from /opt/airflow/dags/gcs_to_bq_dag.py
[2022-02-14 13:54:50,059] {logging_mixin.py:109} INFO - [2022-02-14 13:54:50,059] {dag.py:2396} INFO - Sync 1 DAGs
[2022-02-14 13:54:50,077] {logging_mixin.py:109} INFO - [2022-02-14 13:54:50,077] {dag.py:2935} INFO - Setting next_dagrun for gcs_2_bq_dag to 2022-02-14T00:00:00+00:00
[2022-02-14 13:54:50,087] {processor.py:171} INFO - Processing /opt/airflow/dags/gcs_to_bq_dag.py took 0.855 seconds
[2022-02-14 13:55:20,181] {processor.py:163} INFO - Started process (PID=2041) to work on /opt/airflow/dags/gcs_to_bq_dag.py
[2022-02-14 13:55:20,183] {processor.py:642} INFO - Processing file /opt/airflow/dags/gcs_to_bq_dag.py for tasks to queue
[2022-02-14 13:55:20,184] {logging_mixin.py:109} INFO - [2022-02-14 13:55:20,184] {dagbag.py:500} INFO - Filling up the DagBag from /opt/airflow/dags/gcs_to_bq_dag.py
[2022-02-14 13:55:21,007] {processor.py:654} INFO - DAG(s) dict_keys(['gcs_2_bq_dag']) retrieved from /opt/airflow/dags/gcs_to_bq_dag.py
[2022-02-14 13:55:21,018] {logging_mixin.py:109} INFO - [2022-02-14 13:55:21,018] {dag.py:2396} INFO - Sync 1 DAGs
[2022-02-14 13:55:21,035] {logging_mixin.py:109} INFO - [2022-02-14 13:55:21,035] {dag.py:2935} INFO - Setting next_dagrun for gcs_2_bq_dag to 2022-02-14T00:00:00+00:00
[2022-02-14 13:55:21,048] {processor.py:171} INFO - Processing /opt/airflow/dags/gcs_to_bq_dag.py took 0.871 seconds
[2022-02-14 13:55:51,144] {processor.py:163} INFO - Started process (PID=2074) to work on /opt/airflow/dags/gcs_to_bq_dag.py
[2022-02-14 13:55:51,147] {processor.py:642} INFO - Processing file /opt/airflow/dags/gcs_to_bq_dag.py for tasks to queue
[2022-02-14 13:55:51,148] {logging_mixin.py:109} INFO - [2022-02-14 13:55:51,148] {dagbag.py:500} INFO - Filling up the DagBag from /opt/airflow/dags/gcs_to_bq_dag.py
[2022-02-14 13:55:51,965] {processor.py:654} INFO - DAG(s) dict_keys(['gcs_2_bq_dag']) retrieved from /opt/airflow/dags/gcs_to_bq_dag.py
[2022-02-14 13:55:51,975] {logging_mixin.py:109} INFO - [2022-02-14 13:55:51,975] {dag.py:2396} INFO - Sync 1 DAGs
[2022-02-14 13:55:51,993] {logging_mixin.py:109} INFO - [2022-02-14 13:55:51,993] {dag.py:2935} INFO - Setting next_dagrun for gcs_2_bq_dag to 2022-02-14T00:00:00+00:00
[2022-02-14 13:55:52,005] {processor.py:171} INFO - Processing /opt/airflow/dags/gcs_to_bq_dag.py took 0.867 seconds
[2022-02-14 13:56:22,101] {processor.py:163} INFO - Started process (PID=2107) to work on /opt/airflow/dags/gcs_to_bq_dag.py
[2022-02-14 13:56:22,102] {processor.py:642} INFO - Processing file /opt/airflow/dags/gcs_to_bq_dag.py for tasks to queue
[2022-02-14 13:56:22,103] {logging_mixin.py:109} INFO - [2022-02-14 13:56:22,103] {dagbag.py:500} INFO - Filling up the DagBag from /opt/airflow/dags/gcs_to_bq_dag.py
[2022-02-14 13:56:22,880] {processor.py:654} INFO - DAG(s) dict_keys(['gcs_2_bq_dag']) retrieved from /opt/airflow/dags/gcs_to_bq_dag.py
[2022-02-14 13:56:22,892] {logging_mixin.py:109} INFO - [2022-02-14 13:56:22,891] {dag.py:2396} INFO - Sync 1 DAGs
[2022-02-14 13:56:22,908] {logging_mixin.py:109} INFO - [2022-02-14 13:56:22,908] {dag.py:2935} INFO - Setting next_dagrun for gcs_2_bq_dag to 2022-02-14T00:00:00+00:00
[2022-02-14 13:56:22,920] {processor.py:171} INFO - Processing /opt/airflow/dags/gcs_to_bq_dag.py took 0.824 seconds
[2022-02-14 13:56:53,012] {processor.py:163} INFO - Started process (PID=2140) to work on /opt/airflow/dags/gcs_to_bq_dag.py
[2022-02-14 13:56:53,016] {processor.py:642} INFO - Processing file /opt/airflow/dags/gcs_to_bq_dag.py for tasks to queue
[2022-02-14 13:56:53,016] {logging_mixin.py:109} INFO - [2022-02-14 13:56:53,016] {dagbag.py:500} INFO - Filling up the DagBag from /opt/airflow/dags/gcs_to_bq_dag.py
[2022-02-14 13:56:53,819] {processor.py:654} INFO - DAG(s) dict_keys(['gcs_2_bq_dag']) retrieved from /opt/airflow/dags/gcs_to_bq_dag.py
[2022-02-14 13:56:53,830] {logging_mixin.py:109} INFO - [2022-02-14 13:56:53,829] {dag.py:2396} INFO - Sync 1 DAGs
[2022-02-14 13:56:53,848] {logging_mixin.py:109} INFO - [2022-02-14 13:56:53,848] {dag.py:2935} INFO - Setting next_dagrun for gcs_2_bq_dag to 2022-02-14T00:00:00+00:00
[2022-02-14 13:56:53,861] {processor.py:171} INFO - Processing /opt/airflow/dags/gcs_to_bq_dag.py took 0.854 seconds
[2022-02-14 13:57:24,009] {processor.py:163} INFO - Started process (PID=2173) to work on /opt/airflow/dags/gcs_to_bq_dag.py
[2022-02-14 13:57:24,010] {processor.py:642} INFO - Processing file /opt/airflow/dags/gcs_to_bq_dag.py for tasks to queue
[2022-02-14 13:57:24,011] {logging_mixin.py:109} INFO - [2022-02-14 13:57:24,011] {dagbag.py:500} INFO - Filling up the DagBag from /opt/airflow/dags/gcs_to_bq_dag.py
[2022-02-14 13:57:24,820] {processor.py:654} INFO - DAG(s) dict_keys(['gcs_2_bq_dag']) retrieved from /opt/airflow/dags/gcs_to_bq_dag.py
[2022-02-14 13:57:24,830] {logging_mixin.py:109} INFO - [2022-02-14 13:57:24,830] {dag.py:2396} INFO - Sync 1 DAGs
[2022-02-14 13:57:24,848] {logging_mixin.py:109} INFO - [2022-02-14 13:57:24,848] {dag.py:2935} INFO - Setting next_dagrun for gcs_2_bq_dag to 2022-02-14T00:00:00+00:00
[2022-02-14 13:57:24,860] {processor.py:171} INFO - Processing /opt/airflow/dags/gcs_to_bq_dag.py took 0.856 seconds
[2022-02-14 13:57:54,960] {processor.py:163} INFO - Started process (PID=2206) to work on /opt/airflow/dags/gcs_to_bq_dag.py
[2022-02-14 13:57:54,963] {processor.py:642} INFO - Processing file /opt/airflow/dags/gcs_to_bq_dag.py for tasks to queue
[2022-02-14 13:57:54,964] {logging_mixin.py:109} INFO - [2022-02-14 13:57:54,964] {dagbag.py:500} INFO - Filling up the DagBag from /opt/airflow/dags/gcs_to_bq_dag.py
[2022-02-14 13:57:55,785] {processor.py:654} INFO - DAG(s) dict_keys(['gcs_2_bq_dag']) retrieved from /opt/airflow/dags/gcs_to_bq_dag.py
[2022-02-14 13:57:55,797] {logging_mixin.py:109} INFO - [2022-02-14 13:57:55,797] {dag.py:2396} INFO - Sync 1 DAGs
[2022-02-14 13:57:55,813] {logging_mixin.py:109} INFO - [2022-02-14 13:57:55,813] {dag.py:2935} INFO - Setting next_dagrun for gcs_2_bq_dag to 2022-02-14T00:00:00+00:00
[2022-02-14 13:57:55,825] {processor.py:171} INFO - Processing /opt/airflow/dags/gcs_to_bq_dag.py took 0.871 seconds
[2022-02-14 13:58:25,921] {processor.py:163} INFO - Started process (PID=2239) to work on /opt/airflow/dags/gcs_to_bq_dag.py
[2022-02-14 13:58:25,922] {processor.py:642} INFO - Processing file /opt/airflow/dags/gcs_to_bq_dag.py for tasks to queue
[2022-02-14 13:58:25,923] {logging_mixin.py:109} INFO - [2022-02-14 13:58:25,923] {dagbag.py:500} INFO - Filling up the DagBag from /opt/airflow/dags/gcs_to_bq_dag.py
[2022-02-14 13:58:26,760] {processor.py:654} INFO - DAG(s) dict_keys(['gcs_2_bq_dag']) retrieved from /opt/airflow/dags/gcs_to_bq_dag.py
[2022-02-14 13:58:26,772] {logging_mixin.py:109} INFO - [2022-02-14 13:58:26,772] {dag.py:2396} INFO - Sync 1 DAGs
[2022-02-14 13:58:26,789] {logging_mixin.py:109} INFO - [2022-02-14 13:58:26,789] {dag.py:2935} INFO - Setting next_dagrun for gcs_2_bq_dag to 2022-02-14T00:00:00+00:00
[2022-02-14 13:58:26,802] {processor.py:171} INFO - Processing /opt/airflow/dags/gcs_to_bq_dag.py took 0.886 seconds
[2022-02-14 13:58:56,899] {processor.py:163} INFO - Started process (PID=2272) to work on /opt/airflow/dags/gcs_to_bq_dag.py
[2022-02-14 13:58:56,900] {processor.py:642} INFO - Processing file /opt/airflow/dags/gcs_to_bq_dag.py for tasks to queue
[2022-02-14 13:58:56,901] {logging_mixin.py:109} INFO - [2022-02-14 13:58:56,901] {dagbag.py:500} INFO - Filling up the DagBag from /opt/airflow/dags/gcs_to_bq_dag.py
[2022-02-14 13:58:57,706] {processor.py:654} INFO - DAG(s) dict_keys(['gcs_2_bq_dag']) retrieved from /opt/airflow/dags/gcs_to_bq_dag.py
[2022-02-14 13:58:57,716] {logging_mixin.py:109} INFO - [2022-02-14 13:58:57,716] {dag.py:2396} INFO - Sync 1 DAGs
[2022-02-14 13:58:57,733] {logging_mixin.py:109} INFO - [2022-02-14 13:58:57,733] {dag.py:2935} INFO - Setting next_dagrun for gcs_2_bq_dag to 2022-02-14T00:00:00+00:00
[2022-02-14 13:58:57,744] {processor.py:171} INFO - Processing /opt/airflow/dags/gcs_to_bq_dag.py took 0.850 seconds
[2022-02-14 13:59:27,841] {processor.py:163} INFO - Started process (PID=2305) to work on /opt/airflow/dags/gcs_to_bq_dag.py
[2022-02-14 13:59:27,842] {processor.py:642} INFO - Processing file /opt/airflow/dags/gcs_to_bq_dag.py for tasks to queue
[2022-02-14 13:59:27,843] {logging_mixin.py:109} INFO - [2022-02-14 13:59:27,843] {dagbag.py:500} INFO - Filling up the DagBag from /opt/airflow/dags/gcs_to_bq_dag.py
[2022-02-14 13:59:28,659] {processor.py:654} INFO - DAG(s) dict_keys(['gcs_2_bq_dag']) retrieved from /opt/airflow/dags/gcs_to_bq_dag.py
[2022-02-14 13:59:28,669] {logging_mixin.py:109} INFO - [2022-02-14 13:59:28,669] {dag.py:2396} INFO - Sync 1 DAGs
[2022-02-14 13:59:28,687] {logging_mixin.py:109} INFO - [2022-02-14 13:59:28,687] {dag.py:2935} INFO - Setting next_dagrun for gcs_2_bq_dag to 2022-02-14T00:00:00+00:00
[2022-02-14 13:59:28,697] {processor.py:171} INFO - Processing /opt/airflow/dags/gcs_to_bq_dag.py took 0.861 seconds
[2022-02-14 13:59:58,791] {processor.py:163} INFO - Started process (PID=2338) to work on /opt/airflow/dags/gcs_to_bq_dag.py
[2022-02-14 13:59:58,793] {processor.py:642} INFO - Processing file /opt/airflow/dags/gcs_to_bq_dag.py for tasks to queue
[2022-02-14 13:59:58,794] {logging_mixin.py:109} INFO - [2022-02-14 13:59:58,793] {dagbag.py:500} INFO - Filling up the DagBag from /opt/airflow/dags/gcs_to_bq_dag.py
[2022-02-14 13:59:59,621] {processor.py:654} INFO - DAG(s) dict_keys(['gcs_2_bq_dag']) retrieved from /opt/airflow/dags/gcs_to_bq_dag.py
[2022-02-14 13:59:59,632] {logging_mixin.py:109} INFO - [2022-02-14 13:59:59,631] {dag.py:2396} INFO - Sync 1 DAGs
[2022-02-14 13:59:59,649] {logging_mixin.py:109} INFO - [2022-02-14 13:59:59,649] {dag.py:2935} INFO - Setting next_dagrun for gcs_2_bq_dag to 2022-02-14T00:00:00+00:00
[2022-02-14 13:59:59,660] {processor.py:171} INFO - Processing /opt/airflow/dags/gcs_to_bq_dag.py took 0.874 seconds
[2022-02-14 14:00:29,737] {processor.py:163} INFO - Started process (PID=2371) to work on /opt/airflow/dags/gcs_to_bq_dag.py
[2022-02-14 14:00:29,739] {processor.py:642} INFO - Processing file /opt/airflow/dags/gcs_to_bq_dag.py for tasks to queue
[2022-02-14 14:00:29,739] {logging_mixin.py:109} INFO - [2022-02-14 14:00:29,739] {dagbag.py:500} INFO - Filling up the DagBag from /opt/airflow/dags/gcs_to_bq_dag.py
[2022-02-14 14:00:30,536] {processor.py:654} INFO - DAG(s) dict_keys(['gcs_2_bq_dag']) retrieved from /opt/airflow/dags/gcs_to_bq_dag.py
[2022-02-14 14:00:30,546] {logging_mixin.py:109} INFO - [2022-02-14 14:00:30,546] {dag.py:2396} INFO - Sync 1 DAGs
[2022-02-14 14:00:30,563] {logging_mixin.py:109} INFO - [2022-02-14 14:00:30,563] {dag.py:2935} INFO - Setting next_dagrun for gcs_2_bq_dag to 2022-02-14T00:00:00+00:00
[2022-02-14 14:00:30,574] {processor.py:171} INFO - Processing /opt/airflow/dags/gcs_to_bq_dag.py took 0.841 seconds
[2022-02-14 14:01:00,671] {processor.py:163} INFO - Started process (PID=2404) to work on /opt/airflow/dags/gcs_to_bq_dag.py
[2022-02-14 14:01:00,672] {processor.py:642} INFO - Processing file /opt/airflow/dags/gcs_to_bq_dag.py for tasks to queue
[2022-02-14 14:01:00,673] {logging_mixin.py:109} INFO - [2022-02-14 14:01:00,673] {dagbag.py:500} INFO - Filling up the DagBag from /opt/airflow/dags/gcs_to_bq_dag.py
[2022-02-14 14:01:01,459] {processor.py:654} INFO - DAG(s) dict_keys(['gcs_2_bq_dag']) retrieved from /opt/airflow/dags/gcs_to_bq_dag.py
[2022-02-14 14:01:01,470] {logging_mixin.py:109} INFO - [2022-02-14 14:01:01,469] {dag.py:2396} INFO - Sync 1 DAGs
[2022-02-14 14:01:01,488] {logging_mixin.py:109} INFO - [2022-02-14 14:01:01,488] {dag.py:2935} INFO - Setting next_dagrun for gcs_2_bq_dag to 2022-02-14T00:00:00+00:00
[2022-02-14 14:01:01,499] {processor.py:171} INFO - Processing /opt/airflow/dags/gcs_to_bq_dag.py took 0.833 seconds
[2022-02-14 14:01:31,595] {processor.py:163} INFO - Started process (PID=2437) to work on /opt/airflow/dags/gcs_to_bq_dag.py
[2022-02-14 14:01:31,596] {processor.py:642} INFO - Processing file /opt/airflow/dags/gcs_to_bq_dag.py for tasks to queue
[2022-02-14 14:01:31,597] {logging_mixin.py:109} INFO - [2022-02-14 14:01:31,597] {dagbag.py:500} INFO - Filling up the DagBag from /opt/airflow/dags/gcs_to_bq_dag.py
[2022-02-14 14:01:32,398] {processor.py:654} INFO - DAG(s) dict_keys(['gcs_2_bq_dag']) retrieved from /opt/airflow/dags/gcs_to_bq_dag.py
[2022-02-14 14:01:32,409] {logging_mixin.py:109} INFO - [2022-02-14 14:01:32,409] {dag.py:2396} INFO - Sync 1 DAGs
[2022-02-14 14:01:32,426] {logging_mixin.py:109} INFO - [2022-02-14 14:01:32,426] {dag.py:2935} INFO - Setting next_dagrun for gcs_2_bq_dag to 2022-02-14T00:00:00+00:00
[2022-02-14 14:01:32,436] {processor.py:171} INFO - Processing /opt/airflow/dags/gcs_to_bq_dag.py took 0.847 seconds
[2022-02-14 14:02:02,533] {processor.py:163} INFO - Started process (PID=2470) to work on /opt/airflow/dags/gcs_to_bq_dag.py
[2022-02-14 14:02:02,534] {processor.py:642} INFO - Processing file /opt/airflow/dags/gcs_to_bq_dag.py for tasks to queue
[2022-02-14 14:02:02,535] {logging_mixin.py:109} INFO - [2022-02-14 14:02:02,535] {dagbag.py:500} INFO - Filling up the DagBag from /opt/airflow/dags/gcs_to_bq_dag.py
[2022-02-14 14:02:03,350] {processor.py:654} INFO - DAG(s) dict_keys(['gcs_2_bq_dag']) retrieved from /opt/airflow/dags/gcs_to_bq_dag.py
[2022-02-14 14:02:03,361] {logging_mixin.py:109} INFO - [2022-02-14 14:02:03,361] {dag.py:2396} INFO - Sync 1 DAGs
[2022-02-14 14:02:03,379] {logging_mixin.py:109} INFO - [2022-02-14 14:02:03,379] {dag.py:2935} INFO - Setting next_dagrun for gcs_2_bq_dag to 2022-02-14T00:00:00+00:00
[2022-02-14 14:02:03,390] {processor.py:171} INFO - Processing /opt/airflow/dags/gcs_to_bq_dag.py took 0.863 seconds
[2022-02-14 14:02:33,480] {processor.py:163} INFO - Started process (PID=2503) to work on /opt/airflow/dags/gcs_to_bq_dag.py
[2022-02-14 14:02:33,482] {processor.py:642} INFO - Processing file /opt/airflow/dags/gcs_to_bq_dag.py for tasks to queue
[2022-02-14 14:02:33,482] {logging_mixin.py:109} INFO - [2022-02-14 14:02:33,482] {dagbag.py:500} INFO - Filling up the DagBag from /opt/airflow/dags/gcs_to_bq_dag.py
[2022-02-14 14:02:34,343] {processor.py:654} INFO - DAG(s) dict_keys(['gcs_2_bq_dag']) retrieved from /opt/airflow/dags/gcs_to_bq_dag.py
[2022-02-14 14:02:34,354] {logging_mixin.py:109} INFO - [2022-02-14 14:02:34,354] {dag.py:2396} INFO - Sync 1 DAGs
[2022-02-14 14:02:34,372] {logging_mixin.py:109} INFO - [2022-02-14 14:02:34,372] {dag.py:2935} INFO - Setting next_dagrun for gcs_2_bq_dag to 2022-02-14T00:00:00+00:00
[2022-02-14 14:02:34,383] {processor.py:171} INFO - Processing /opt/airflow/dags/gcs_to_bq_dag.py took 0.907 seconds
[2022-02-14 14:03:04,478] {processor.py:163} INFO - Started process (PID=2536) to work on /opt/airflow/dags/gcs_to_bq_dag.py
[2022-02-14 14:03:04,480] {processor.py:642} INFO - Processing file /opt/airflow/dags/gcs_to_bq_dag.py for tasks to queue
[2022-02-14 14:03:04,480] {logging_mixin.py:109} INFO - [2022-02-14 14:03:04,480] {dagbag.py:500} INFO - Filling up the DagBag from /opt/airflow/dags/gcs_to_bq_dag.py
[2022-02-14 14:03:05,280] {processor.py:654} INFO - DAG(s) dict_keys(['gcs_2_bq_dag']) retrieved from /opt/airflow/dags/gcs_to_bq_dag.py
[2022-02-14 14:03:05,290] {logging_mixin.py:109} INFO - [2022-02-14 14:03:05,290] {dag.py:2396} INFO - Sync 1 DAGs
[2022-02-14 14:03:05,309] {logging_mixin.py:109} INFO - [2022-02-14 14:03:05,309] {dag.py:2935} INFO - Setting next_dagrun for gcs_2_bq_dag to 2022-02-14T00:00:00+00:00
[2022-02-14 14:03:05,320] {processor.py:171} INFO - Processing /opt/airflow/dags/gcs_to_bq_dag.py took 0.846 seconds
[2022-02-14 14:03:35,471] {processor.py:163} INFO - Started process (PID=2569) to work on /opt/airflow/dags/gcs_to_bq_dag.py
[2022-02-14 14:03:35,475] {processor.py:642} INFO - Processing file /opt/airflow/dags/gcs_to_bq_dag.py for tasks to queue
[2022-02-14 14:03:35,476] {logging_mixin.py:109} INFO - [2022-02-14 14:03:35,475] {dagbag.py:500} INFO - Filling up the DagBag from /opt/airflow/dags/gcs_to_bq_dag.py
[2022-02-14 14:03:36,259] {processor.py:654} INFO - DAG(s) dict_keys(['gcs_2_bq_dag']) retrieved from /opt/airflow/dags/gcs_to_bq_dag.py
[2022-02-14 14:03:36,272] {logging_mixin.py:109} INFO - [2022-02-14 14:03:36,271] {dag.py:2396} INFO - Sync 1 DAGs
[2022-02-14 14:03:36,291] {logging_mixin.py:109} INFO - [2022-02-14 14:03:36,291] {dag.py:2935} INFO - Setting next_dagrun for gcs_2_bq_dag to 2022-02-14T00:00:00+00:00
[2022-02-14 14:03:36,302] {processor.py:171} INFO - Processing /opt/airflow/dags/gcs_to_bq_dag.py took 0.834 seconds
[2022-02-14 14:04:06,413] {processor.py:163} INFO - Started process (PID=2602) to work on /opt/airflow/dags/gcs_to_bq_dag.py
[2022-02-14 14:04:06,414] {processor.py:642} INFO - Processing file /opt/airflow/dags/gcs_to_bq_dag.py for tasks to queue
[2022-02-14 14:04:06,415] {logging_mixin.py:109} INFO - [2022-02-14 14:04:06,415] {dagbag.py:500} INFO - Filling up the DagBag from /opt/airflow/dags/gcs_to_bq_dag.py
[2022-02-14 14:04:07,209] {processor.py:654} INFO - DAG(s) dict_keys(['gcs_2_bq_dag']) retrieved from /opt/airflow/dags/gcs_to_bq_dag.py
[2022-02-14 14:04:07,220] {logging_mixin.py:109} INFO - [2022-02-14 14:04:07,220] {dag.py:2396} INFO - Sync 1 DAGs
[2022-02-14 14:04:07,238] {logging_mixin.py:109} INFO - [2022-02-14 14:04:07,237] {dag.py:2935} INFO - Setting next_dagrun for gcs_2_bq_dag to 2022-02-14T00:00:00+00:00
[2022-02-14 14:04:07,250] {processor.py:171} INFO - Processing /opt/airflow/dags/gcs_to_bq_dag.py took 0.842 seconds
[2022-02-14 14:04:37,345] {processor.py:163} INFO - Started process (PID=2635) to work on /opt/airflow/dags/gcs_to_bq_dag.py
[2022-02-14 14:04:37,349] {processor.py:642} INFO - Processing file /opt/airflow/dags/gcs_to_bq_dag.py for tasks to queue
[2022-02-14 14:04:37,350] {logging_mixin.py:109} INFO - [2022-02-14 14:04:37,350] {dagbag.py:500} INFO - Filling up the DagBag from /opt/airflow/dags/gcs_to_bq_dag.py
[2022-02-14 14:04:38,147] {processor.py:654} INFO - DAG(s) dict_keys(['gcs_2_bq_dag']) retrieved from /opt/airflow/dags/gcs_to_bq_dag.py
[2022-02-14 14:04:38,158] {logging_mixin.py:109} INFO - [2022-02-14 14:04:38,158] {dag.py:2396} INFO - Sync 1 DAGs
[2022-02-14 14:04:38,176] {logging_mixin.py:109} INFO - [2022-02-14 14:04:38,176] {dag.py:2935} INFO - Setting next_dagrun for gcs_2_bq_dag to 2022-02-14T00:00:00+00:00
[2022-02-14 14:04:38,189] {processor.py:171} INFO - Processing /opt/airflow/dags/gcs_to_bq_dag.py took 0.849 seconds
[2022-02-14 14:05:08,285] {processor.py:163} INFO - Started process (PID=2668) to work on /opt/airflow/dags/gcs_to_bq_dag.py
[2022-02-14 14:05:08,289] {processor.py:642} INFO - Processing file /opt/airflow/dags/gcs_to_bq_dag.py for tasks to queue
[2022-02-14 14:05:08,289] {logging_mixin.py:109} INFO - [2022-02-14 14:05:08,289] {dagbag.py:500} INFO - Filling up the DagBag from /opt/airflow/dags/gcs_to_bq_dag.py
[2022-02-14 14:05:09,103] {processor.py:654} INFO - DAG(s) dict_keys(['gcs_2_bq_dag']) retrieved from /opt/airflow/dags/gcs_to_bq_dag.py
[2022-02-14 14:05:09,115] {logging_mixin.py:109} INFO - [2022-02-14 14:05:09,114] {dag.py:2396} INFO - Sync 1 DAGs
[2022-02-14 14:05:09,132] {logging_mixin.py:109} INFO - [2022-02-14 14:05:09,132] {dag.py:2935} INFO - Setting next_dagrun for gcs_2_bq_dag to 2022-02-14T00:00:00+00:00
[2022-02-14 14:05:09,144] {processor.py:171} INFO - Processing /opt/airflow/dags/gcs_to_bq_dag.py took 0.864 seconds
[2022-02-14 14:05:39,240] {processor.py:163} INFO - Started process (PID=2701) to work on /opt/airflow/dags/gcs_to_bq_dag.py
[2022-02-14 14:05:39,241] {processor.py:642} INFO - Processing file /opt/airflow/dags/gcs_to_bq_dag.py for tasks to queue
[2022-02-14 14:05:39,242] {logging_mixin.py:109} INFO - [2022-02-14 14:05:39,242] {dagbag.py:500} INFO - Filling up the DagBag from /opt/airflow/dags/gcs_to_bq_dag.py
[2022-02-14 14:05:40,039] {processor.py:654} INFO - DAG(s) dict_keys(['gcs_2_bq_dag']) retrieved from /opt/airflow/dags/gcs_to_bq_dag.py
[2022-02-14 14:05:40,051] {logging_mixin.py:109} INFO - [2022-02-14 14:05:40,051] {dag.py:2396} INFO - Sync 1 DAGs
[2022-02-14 14:05:40,069] {logging_mixin.py:109} INFO - [2022-02-14 14:05:40,069] {dag.py:2935} INFO - Setting next_dagrun for gcs_2_bq_dag to 2022-02-14T00:00:00+00:00
[2022-02-14 14:05:40,079] {processor.py:171} INFO - Processing /opt/airflow/dags/gcs_to_bq_dag.py took 0.845 seconds
[2022-02-14 14:06:10,169] {processor.py:163} INFO - Started process (PID=2734) to work on /opt/airflow/dags/gcs_to_bq_dag.py
[2022-02-14 14:06:10,170] {processor.py:642} INFO - Processing file /opt/airflow/dags/gcs_to_bq_dag.py for tasks to queue
[2022-02-14 14:06:10,171] {logging_mixin.py:109} INFO - [2022-02-14 14:06:10,171] {dagbag.py:500} INFO - Filling up the DagBag from /opt/airflow/dags/gcs_to_bq_dag.py
[2022-02-14 14:06:10,916] {processor.py:654} INFO - DAG(s) dict_keys(['gcs_2_bq_dag']) retrieved from /opt/airflow/dags/gcs_to_bq_dag.py
[2022-02-14 14:06:10,926] {logging_mixin.py:109} INFO - [2022-02-14 14:06:10,926] {dag.py:2396} INFO - Sync 1 DAGs
[2022-02-14 14:06:10,943] {logging_mixin.py:109} INFO - [2022-02-14 14:06:10,942] {dag.py:2935} INFO - Setting next_dagrun for gcs_2_bq_dag to 2022-02-14T00:00:00+00:00
[2022-02-14 14:06:10,955] {processor.py:171} INFO - Processing /opt/airflow/dags/gcs_to_bq_dag.py took 0.791 seconds
[2022-02-14 14:06:41,056] {processor.py:163} INFO - Started process (PID=2767) to work on /opt/airflow/dags/gcs_to_bq_dag.py
[2022-02-14 14:06:41,058] {processor.py:642} INFO - Processing file /opt/airflow/dags/gcs_to_bq_dag.py for tasks to queue
[2022-02-14 14:06:41,059] {logging_mixin.py:109} INFO - [2022-02-14 14:06:41,059] {dagbag.py:500} INFO - Filling up the DagBag from /opt/airflow/dags/gcs_to_bq_dag.py
[2022-02-14 14:06:41,864] {processor.py:654} INFO - DAG(s) dict_keys(['gcs_2_bq_dag']) retrieved from /opt/airflow/dags/gcs_to_bq_dag.py
[2022-02-14 14:06:41,875] {logging_mixin.py:109} INFO - [2022-02-14 14:06:41,875] {dag.py:2396} INFO - Sync 1 DAGs
[2022-02-14 14:06:41,892] {logging_mixin.py:109} INFO - [2022-02-14 14:06:41,892] {dag.py:2935} INFO - Setting next_dagrun for gcs_2_bq_dag to 2022-02-14T00:00:00+00:00
[2022-02-14 14:06:41,905] {processor.py:171} INFO - Processing /opt/airflow/dags/gcs_to_bq_dag.py took 0.854 seconds
[2022-02-14 14:07:11,999] {processor.py:163} INFO - Started process (PID=2800) to work on /opt/airflow/dags/gcs_to_bq_dag.py
[2022-02-14 14:07:12,000] {processor.py:642} INFO - Processing file /opt/airflow/dags/gcs_to_bq_dag.py for tasks to queue
[2022-02-14 14:07:12,001] {logging_mixin.py:109} INFO - [2022-02-14 14:07:12,001] {dagbag.py:500} INFO - Filling up the DagBag from /opt/airflow/dags/gcs_to_bq_dag.py
[2022-02-14 14:07:12,753] {processor.py:654} INFO - DAG(s) dict_keys(['gcs_2_bq_dag']) retrieved from /opt/airflow/dags/gcs_to_bq_dag.py
[2022-02-14 14:07:12,765] {logging_mixin.py:109} INFO - [2022-02-14 14:07:12,765] {dag.py:2396} INFO - Sync 1 DAGs
[2022-02-14 14:07:12,781] {logging_mixin.py:109} INFO - [2022-02-14 14:07:12,781] {dag.py:2935} INFO - Setting next_dagrun for gcs_2_bq_dag to 2022-02-14T00:00:00+00:00
[2022-02-14 14:07:12,791] {processor.py:171} INFO - Processing /opt/airflow/dags/gcs_to_bq_dag.py took 0.798 seconds
[2022-02-14 14:07:42,889] {processor.py:163} INFO - Started process (PID=2833) to work on /opt/airflow/dags/gcs_to_bq_dag.py
[2022-02-14 14:07:42,890] {processor.py:642} INFO - Processing file /opt/airflow/dags/gcs_to_bq_dag.py for tasks to queue
[2022-02-14 14:07:42,891] {logging_mixin.py:109} INFO - [2022-02-14 14:07:42,891] {dagbag.py:500} INFO - Filling up the DagBag from /opt/airflow/dags/gcs_to_bq_dag.py
[2022-02-14 14:07:43,664] {processor.py:654} INFO - DAG(s) dict_keys(['gcs_2_bq_dag']) retrieved from /opt/airflow/dags/gcs_to_bq_dag.py
[2022-02-14 14:07:43,675] {logging_mixin.py:109} INFO - [2022-02-14 14:07:43,675] {dag.py:2396} INFO - Sync 1 DAGs
[2022-02-14 14:07:43,701] {logging_mixin.py:109} INFO - [2022-02-14 14:07:43,701] {dag.py:2935} INFO - Setting next_dagrun for gcs_2_bq_dag to 2022-02-14T00:00:00+00:00
[2022-02-14 14:07:43,714] {processor.py:171} INFO - Processing /opt/airflow/dags/gcs_to_bq_dag.py took 0.831 seconds
[2022-02-14 14:08:13,810] {processor.py:163} INFO - Started process (PID=2866) to work on /opt/airflow/dags/gcs_to_bq_dag.py
[2022-02-14 14:08:13,811] {processor.py:642} INFO - Processing file /opt/airflow/dags/gcs_to_bq_dag.py for tasks to queue
[2022-02-14 14:08:13,812] {logging_mixin.py:109} INFO - [2022-02-14 14:08:13,812] {dagbag.py:500} INFO - Filling up the DagBag from /opt/airflow/dags/gcs_to_bq_dag.py
[2022-02-14 14:08:14,593] {processor.py:654} INFO - DAG(s) dict_keys(['gcs_2_bq_dag']) retrieved from /opt/airflow/dags/gcs_to_bq_dag.py
[2022-02-14 14:08:14,604] {logging_mixin.py:109} INFO - [2022-02-14 14:08:14,604] {dag.py:2396} INFO - Sync 1 DAGs
[2022-02-14 14:08:14,621] {logging_mixin.py:109} INFO - [2022-02-14 14:08:14,621] {dag.py:2935} INFO - Setting next_dagrun for gcs_2_bq_dag to 2022-02-14T00:00:00+00:00
[2022-02-14 14:08:14,631] {processor.py:171} INFO - Processing /opt/airflow/dags/gcs_to_bq_dag.py took 0.826 seconds
[2022-02-14 14:08:44,791] {processor.py:163} INFO - Started process (PID=2899) to work on /opt/airflow/dags/gcs_to_bq_dag.py
[2022-02-14 14:08:44,795] {processor.py:642} INFO - Processing file /opt/airflow/dags/gcs_to_bq_dag.py for tasks to queue
[2022-02-14 14:08:44,795] {logging_mixin.py:109} INFO - [2022-02-14 14:08:44,795] {dagbag.py:500} INFO - Filling up the DagBag from /opt/airflow/dags/gcs_to_bq_dag.py
[2022-02-14 14:08:45,558] {processor.py:654} INFO - DAG(s) dict_keys(['gcs_2_bq_dag']) retrieved from /opt/airflow/dags/gcs_to_bq_dag.py
[2022-02-14 14:08:45,569] {logging_mixin.py:109} INFO - [2022-02-14 14:08:45,569] {dag.py:2396} INFO - Sync 1 DAGs
[2022-02-14 14:08:45,585] {logging_mixin.py:109} INFO - [2022-02-14 14:08:45,585] {dag.py:2935} INFO - Setting next_dagrun for gcs_2_bq_dag to 2022-02-14T00:00:00+00:00
[2022-02-14 14:08:45,597] {processor.py:171} INFO - Processing /opt/airflow/dags/gcs_to_bq_dag.py took 0.812 seconds
[2022-02-14 14:09:15,692] {processor.py:163} INFO - Started process (PID=2932) to work on /opt/airflow/dags/gcs_to_bq_dag.py
[2022-02-14 14:09:15,696] {processor.py:642} INFO - Processing file /opt/airflow/dags/gcs_to_bq_dag.py for tasks to queue
[2022-02-14 14:09:15,696] {logging_mixin.py:109} INFO - [2022-02-14 14:09:15,696] {dagbag.py:500} INFO - Filling up the DagBag from /opt/airflow/dags/gcs_to_bq_dag.py
[2022-02-14 14:09:16,492] {processor.py:654} INFO - DAG(s) dict_keys(['gcs_2_bq_dag']) retrieved from /opt/airflow/dags/gcs_to_bq_dag.py
[2022-02-14 14:09:16,503] {logging_mixin.py:109} INFO - [2022-02-14 14:09:16,503] {dag.py:2396} INFO - Sync 1 DAGs
[2022-02-14 14:09:16,520] {logging_mixin.py:109} INFO - [2022-02-14 14:09:16,520] {dag.py:2935} INFO - Setting next_dagrun for gcs_2_bq_dag to 2022-02-14T00:00:00+00:00
[2022-02-14 14:09:16,530] {processor.py:171} INFO - Processing /opt/airflow/dags/gcs_to_bq_dag.py took 0.844 seconds
[2022-02-14 14:09:46,625] {processor.py:163} INFO - Started process (PID=2965) to work on /opt/airflow/dags/gcs_to_bq_dag.py
[2022-02-14 14:09:46,628] {processor.py:642} INFO - Processing file /opt/airflow/dags/gcs_to_bq_dag.py for tasks to queue
[2022-02-14 14:09:46,629] {logging_mixin.py:109} INFO - [2022-02-14 14:09:46,629] {dagbag.py:500} INFO - Filling up the DagBag from /opt/airflow/dags/gcs_to_bq_dag.py
[2022-02-14 14:09:47,398] {processor.py:654} INFO - DAG(s) dict_keys(['gcs_2_bq_dag']) retrieved from /opt/airflow/dags/gcs_to_bq_dag.py
[2022-02-14 14:09:47,408] {logging_mixin.py:109} INFO - [2022-02-14 14:09:47,408] {dag.py:2396} INFO - Sync 1 DAGs
[2022-02-14 14:09:47,425] {logging_mixin.py:109} INFO - [2022-02-14 14:09:47,425] {dag.py:2935} INFO - Setting next_dagrun for gcs_2_bq_dag to 2022-02-14T00:00:00+00:00
[2022-02-14 14:09:47,436] {processor.py:171} INFO - Processing /opt/airflow/dags/gcs_to_bq_dag.py took 0.816 seconds
[2022-02-14 14:10:17,531] {processor.py:163} INFO - Started process (PID=2998) to work on /opt/airflow/dags/gcs_to_bq_dag.py
[2022-02-14 14:10:17,533] {processor.py:642} INFO - Processing file /opt/airflow/dags/gcs_to_bq_dag.py for tasks to queue
[2022-02-14 14:10:17,533] {logging_mixin.py:109} INFO - [2022-02-14 14:10:17,533] {dagbag.py:500} INFO - Filling up the DagBag from /opt/airflow/dags/gcs_to_bq_dag.py
[2022-02-14 14:10:18,305] {processor.py:654} INFO - DAG(s) dict_keys(['gcs_2_bq_dag']) retrieved from /opt/airflow/dags/gcs_to_bq_dag.py
[2022-02-14 14:10:18,315] {logging_mixin.py:109} INFO - [2022-02-14 14:10:18,315] {dag.py:2396} INFO - Sync 1 DAGs
[2022-02-14 14:10:18,332] {logging_mixin.py:109} INFO - [2022-02-14 14:10:18,332] {dag.py:2935} INFO - Setting next_dagrun for gcs_2_bq_dag to 2022-02-14T00:00:00+00:00
[2022-02-14 14:10:18,343] {processor.py:171} INFO - Processing /opt/airflow/dags/gcs_to_bq_dag.py took 0.817 seconds
[2022-02-14 14:10:48,436] {processor.py:163} INFO - Started process (PID=3031) to work on /opt/airflow/dags/gcs_to_bq_dag.py
[2022-02-14 14:10:48,438] {processor.py:642} INFO - Processing file /opt/airflow/dags/gcs_to_bq_dag.py for tasks to queue
[2022-02-14 14:10:48,439] {logging_mixin.py:109} INFO - [2022-02-14 14:10:48,438] {dagbag.py:500} INFO - Filling up the DagBag from /opt/airflow/dags/gcs_to_bq_dag.py
[2022-02-14 14:10:49,214] {processor.py:654} INFO - DAG(s) dict_keys(['gcs_2_bq_dag']) retrieved from /opt/airflow/dags/gcs_to_bq_dag.py
[2022-02-14 14:10:49,226] {logging_mixin.py:109} INFO - [2022-02-14 14:10:49,226] {dag.py:2396} INFO - Sync 1 DAGs
[2022-02-14 14:10:49,242] {logging_mixin.py:109} INFO - [2022-02-14 14:10:49,242] {dag.py:2935} INFO - Setting next_dagrun for gcs_2_bq_dag to 2022-02-14T00:00:00+00:00
[2022-02-14 14:10:49,253] {processor.py:171} INFO - Processing /opt/airflow/dags/gcs_to_bq_dag.py took 0.822 seconds
[2022-02-14 14:11:19,380] {processor.py:163} INFO - Started process (PID=3064) to work on /opt/airflow/dags/gcs_to_bq_dag.py
[2022-02-14 14:11:19,382] {processor.py:642} INFO - Processing file /opt/airflow/dags/gcs_to_bq_dag.py for tasks to queue
[2022-02-14 14:11:19,382] {logging_mixin.py:109} INFO - [2022-02-14 14:11:19,382] {dagbag.py:500} INFO - Filling up the DagBag from /opt/airflow/dags/gcs_to_bq_dag.py
[2022-02-14 14:11:20,165] {processor.py:654} INFO - DAG(s) dict_keys(['gcs_2_bq_dag']) retrieved from /opt/airflow/dags/gcs_to_bq_dag.py
[2022-02-14 14:11:20,175] {logging_mixin.py:109} INFO - [2022-02-14 14:11:20,175] {dag.py:2396} INFO - Sync 1 DAGs
[2022-02-14 14:11:20,192] {logging_mixin.py:109} INFO - [2022-02-14 14:11:20,192] {dag.py:2935} INFO - Setting next_dagrun for gcs_2_bq_dag to 2022-02-14T00:00:00+00:00
[2022-02-14 14:11:20,202] {processor.py:171} INFO - Processing /opt/airflow/dags/gcs_to_bq_dag.py took 0.827 seconds
[2022-02-14 14:11:50,296] {processor.py:163} INFO - Started process (PID=3097) to work on /opt/airflow/dags/gcs_to_bq_dag.py
[2022-02-14 14:11:50,298] {processor.py:642} INFO - Processing file /opt/airflow/dags/gcs_to_bq_dag.py for tasks to queue
[2022-02-14 14:11:50,299] {logging_mixin.py:109} INFO - [2022-02-14 14:11:50,299] {dagbag.py:500} INFO - Filling up the DagBag from /opt/airflow/dags/gcs_to_bq_dag.py
[2022-02-14 14:11:51,078] {processor.py:654} INFO - DAG(s) dict_keys(['gcs_2_bq_dag']) retrieved from /opt/airflow/dags/gcs_to_bq_dag.py
[2022-02-14 14:11:51,088] {logging_mixin.py:109} INFO - [2022-02-14 14:11:51,088] {dag.py:2396} INFO - Sync 1 DAGs
[2022-02-14 14:11:51,105] {logging_mixin.py:109} INFO - [2022-02-14 14:11:51,105] {dag.py:2935} INFO - Setting next_dagrun for gcs_2_bq_dag to 2022-02-14T00:00:00+00:00
[2022-02-14 14:11:51,116] {processor.py:171} INFO - Processing /opt/airflow/dags/gcs_to_bq_dag.py took 0.824 seconds
[2022-02-14 14:12:21,207] {processor.py:163} INFO - Started process (PID=3130) to work on /opt/airflow/dags/gcs_to_bq_dag.py
[2022-02-14 14:12:21,209] {processor.py:642} INFO - Processing file /opt/airflow/dags/gcs_to_bq_dag.py for tasks to queue
[2022-02-14 14:12:21,210] {logging_mixin.py:109} INFO - [2022-02-14 14:12:21,210] {dagbag.py:500} INFO - Filling up the DagBag from /opt/airflow/dags/gcs_to_bq_dag.py
[2022-02-14 14:12:21,979] {processor.py:654} INFO - DAG(s) dict_keys(['gcs_2_bq_dag']) retrieved from /opt/airflow/dags/gcs_to_bq_dag.py
[2022-02-14 14:12:21,992] {logging_mixin.py:109} INFO - [2022-02-14 14:12:21,991] {dag.py:2396} INFO - Sync 1 DAGs
[2022-02-14 14:12:22,014] {logging_mixin.py:109} INFO - [2022-02-14 14:12:22,013] {dag.py:2935} INFO - Setting next_dagrun for gcs_2_bq_dag to 2022-02-14T00:00:00+00:00
[2022-02-14 14:12:22,026] {processor.py:171} INFO - Processing /opt/airflow/dags/gcs_to_bq_dag.py took 0.824 seconds
