[2022-02-07 15:38:32,684] {taskinstance.py:1032} INFO - Dependencies all met for <TaskInstance: LocalIngestionDag.wget scheduled__2021-08-02T06:00:00+00:00 [queued]>
[2022-02-07 15:38:32,698] {taskinstance.py:1032} INFO - Dependencies all met for <TaskInstance: LocalIngestionDag.wget scheduled__2021-08-02T06:00:00+00:00 [queued]>
[2022-02-07 15:38:32,698] {taskinstance.py:1238} INFO - 
--------------------------------------------------------------------------------
[2022-02-07 15:38:32,698] {taskinstance.py:1239} INFO - Starting attempt 1 of 1
[2022-02-07 15:38:32,698] {taskinstance.py:1240} INFO - 
--------------------------------------------------------------------------------
[2022-02-07 15:38:32,714] {taskinstance.py:1259} INFO - Executing <Task(BashOperator): wget> on 2021-08-02 06:00:00+00:00
[2022-02-07 15:38:32,718] {standard_task_runner.py:52} INFO - Started process 578 to run task
[2022-02-07 15:38:32,724] {standard_task_runner.py:76} INFO - Running: ['***', 'tasks', 'run', 'LocalIngestionDag', 'wget', 'scheduled__2021-08-02T06:00:00+00:00', '--job-id', '60', '--raw', '--subdir', 'DAGS_FOLDER/data_ingestion_local.py', '--cfg-path', '/tmp/tmpccdq59zp', '--error-file', '/tmp/tmpk5rwdp_9']
[2022-02-07 15:38:32,726] {standard_task_runner.py:77} INFO - Job 60: Subtask wget
[2022-02-07 15:38:32,793] {logging_mixin.py:109} INFO - Running <TaskInstance: LocalIngestionDag.wget scheduled__2021-08-02T06:00:00+00:00 [running]> on host f7def13e8b7c
[2022-02-07 15:38:32,881] {logging_mixin.py:109} WARNING - /home/***/.local/lib/python3.7/site-packages/***/utils/context.py:152 AirflowContextDeprecationWarning: Accessing 'execution_date' from the template is deprecated and will be removed in a future version. Please use 'data_interval_start' or 'logical_date' instead.
[2022-02-07 15:38:32,916] {taskinstance.py:1426} INFO - Exporting the following env vars:
AIRFLOW_CTX_DAG_OWNER=***
AIRFLOW_CTX_DAG_ID=LocalIngestionDag
AIRFLOW_CTX_TASK_ID=wget
AIRFLOW_CTX_EXECUTION_DATE=2021-08-02T06:00:00+00:00
AIRFLOW_CTX_DAG_RUN_ID=scheduled__2021-08-02T06:00:00+00:00
[2022-02-07 15:38:32,918] {subprocess.py:62} INFO - Tmp dir root location: 
 /tmp
[2022-02-07 15:38:32,919] {subprocess.py:74} INFO - Running command: ['bash', '-c', 'curl -sSL https://s3.amazonaws.com/nyc-tlc/trip+data/yellow_tripdata_2021-08.csv > /opt/***/output_2021-08.csv']
[2022-02-07 15:38:32,935] {subprocess.py:85} INFO - Output:
[2022-02-07 15:38:33,406] {subprocess.py:93} INFO - Command exited with return code 0
[2022-02-07 15:38:33,478] {taskinstance.py:1277} INFO - Marking task as SUCCESS. dag_id=LocalIngestionDag, task_id=wget, execution_date=20210802T060000, start_date=20220207T153832, end_date=20220207T153833
[2022-02-07 15:38:33,535] {local_task_job.py:154} INFO - Task exited with return code 0
[2022-02-07 15:38:33,875] {local_task_job.py:264} INFO - 0 downstream tasks scheduled from follow-on schedule check
