[2022-02-12 13:01:47,572] {taskinstance.py:1032} INFO - Dependencies all met for <TaskInstance: FHVLocalIngestionDag.wget scheduled__2021-11-02T06:00:00+00:00 [queued]>
[2022-02-12 13:01:47,584] {taskinstance.py:1032} INFO - Dependencies all met for <TaskInstance: FHVLocalIngestionDag.wget scheduled__2021-11-02T06:00:00+00:00 [queued]>
[2022-02-12 13:01:47,585] {taskinstance.py:1238} INFO - 
--------------------------------------------------------------------------------
[2022-02-12 13:01:47,585] {taskinstance.py:1239} INFO - Starting attempt 1 of 1
[2022-02-12 13:01:47,585] {taskinstance.py:1240} INFO - 
--------------------------------------------------------------------------------
[2022-02-12 13:01:47,599] {taskinstance.py:1259} INFO - Executing <Task(BashOperator): wget> on 2021-11-02 06:00:00+00:00
[2022-02-12 13:01:47,604] {standard_task_runner.py:52} INFO - Started process 945 to run task
[2022-02-12 13:01:47,609] {standard_task_runner.py:76} INFO - Running: ['***', 'tasks', 'run', 'FHVLocalIngestionDag', 'wget', 'scheduled__2021-11-02T06:00:00+00:00', '--job-id', '91', '--raw', '--subdir', 'DAGS_FOLDER/fhv_data_ingestion_local.py', '--cfg-path', '/tmp/tmpyidh8of0', '--error-file', '/tmp/tmpaixe8_vh']
[2022-02-12 13:01:47,610] {standard_task_runner.py:77} INFO - Job 91: Subtask wget
[2022-02-12 13:01:47,689] {logging_mixin.py:109} INFO - Running <TaskInstance: FHVLocalIngestionDag.wget scheduled__2021-11-02T06:00:00+00:00 [running]> on host 8fc49de8f9da
[2022-02-12 13:01:47,777] {logging_mixin.py:109} WARNING - /home/***/.local/lib/python3.7/site-packages/***/utils/context.py:152 AirflowContextDeprecationWarning: Accessing 'execution_date' from the template is deprecated and will be removed in a future version. Please use 'data_interval_start' or 'logical_date' instead.
[2022-02-12 13:01:47,801] {taskinstance.py:1426} INFO - Exporting the following env vars:
AIRFLOW_CTX_DAG_OWNER=***
AIRFLOW_CTX_DAG_ID=FHVLocalIngestionDag
AIRFLOW_CTX_TASK_ID=wget
AIRFLOW_CTX_EXECUTION_DATE=2021-11-02T06:00:00+00:00
AIRFLOW_CTX_DAG_RUN_ID=scheduled__2021-11-02T06:00:00+00:00
[2022-02-12 13:01:47,802] {subprocess.py:62} INFO - Tmp dir root location: 
 /tmp
[2022-02-12 13:01:47,802] {subprocess.py:74} INFO - Running command: ['bash', '-c', 'curl -sSL https://s3.amazonaws.com/nyc-tlc/trip+data/fhv_tripdata_2021-11.csv > /opt/***/fhv_output_2021-11.csv']
[2022-02-12 13:01:47,812] {subprocess.py:85} INFO - Output:
[2022-02-12 13:01:48,303] {subprocess.py:93} INFO - Command exited with return code 0
[2022-02-12 13:01:48,366] {taskinstance.py:1277} INFO - Marking task as SUCCESS. dag_id=FHVLocalIngestionDag, task_id=wget, execution_date=20211102T060000, start_date=20220212T130147, end_date=20220212T130148
[2022-02-12 13:01:48,421] {local_task_job.py:154} INFO - Task exited with return code 0
[2022-02-12 13:01:48,471] {local_task_job.py:264} INFO - 1 downstream tasks scheduled from follow-on schedule check
