[2022-02-07 15:38:31,980] {taskinstance.py:1032} INFO - Dependencies all met for <TaskInstance: LocalIngestionDag.wget scheduled__2021-06-02T06:00:00+00:00 [queued]>
[2022-02-07 15:38:31,998] {taskinstance.py:1032} INFO - Dependencies all met for <TaskInstance: LocalIngestionDag.wget scheduled__2021-06-02T06:00:00+00:00 [queued]>
[2022-02-07 15:38:31,998] {taskinstance.py:1238} INFO - 
--------------------------------------------------------------------------------
[2022-02-07 15:38:31,998] {taskinstance.py:1239} INFO - Starting attempt 1 of 1
[2022-02-07 15:38:31,999] {taskinstance.py:1240} INFO - 
--------------------------------------------------------------------------------
[2022-02-07 15:38:32,018] {taskinstance.py:1259} INFO - Executing <Task(BashOperator): wget> on 2021-06-02 06:00:00+00:00
[2022-02-07 15:38:32,023] {standard_task_runner.py:52} INFO - Started process 511 to run task
[2022-02-07 15:38:32,027] {standard_task_runner.py:76} INFO - Running: ['***', 'tasks', 'run', 'LocalIngestionDag', 'wget', 'scheduled__2021-06-02T06:00:00+00:00', '--job-id', '58', '--raw', '--subdir', 'DAGS_FOLDER/data_ingestion_local.py', '--cfg-path', '/tmp/tmphlf5smt3', '--error-file', '/tmp/tmp7nq964wc']
[2022-02-07 15:38:32,028] {standard_task_runner.py:77} INFO - Job 58: Subtask wget
[2022-02-07 15:38:32,093] {logging_mixin.py:109} INFO - Running <TaskInstance: LocalIngestionDag.wget scheduled__2021-06-02T06:00:00+00:00 [running]> on host f7def13e8b7c
[2022-02-07 15:38:32,189] {logging_mixin.py:109} WARNING - /home/***/.local/lib/python3.7/site-packages/***/utils/context.py:152 AirflowContextDeprecationWarning: Accessing 'execution_date' from the template is deprecated and will be removed in a future version. Please use 'data_interval_start' or 'logical_date' instead.
[2022-02-07 15:38:32,223] {taskinstance.py:1426} INFO - Exporting the following env vars:
AIRFLOW_CTX_DAG_OWNER=***
AIRFLOW_CTX_DAG_ID=LocalIngestionDag
AIRFLOW_CTX_TASK_ID=wget
AIRFLOW_CTX_EXECUTION_DATE=2021-06-02T06:00:00+00:00
AIRFLOW_CTX_DAG_RUN_ID=scheduled__2021-06-02T06:00:00+00:00
[2022-02-07 15:38:32,224] {subprocess.py:62} INFO - Tmp dir root location: 
 /tmp
[2022-02-07 15:38:32,225] {subprocess.py:74} INFO - Running command: ['bash', '-c', 'curl -sSL https://s3.amazonaws.com/nyc-tlc/trip+data/yellow_tripdata_2021-06.csv > /opt/***/output_2021-06.csv']
[2022-02-07 15:38:32,240] {subprocess.py:85} INFO - Output:
[2022-02-07 15:41:22,956] {subprocess.py:93} INFO - Command exited with return code 0
[2022-02-07 15:41:23,001] {taskinstance.py:1277} INFO - Marking task as SUCCESS. dag_id=LocalIngestionDag, task_id=wget, execution_date=20210602T060000, start_date=20220207T153831, end_date=20220207T154123
[2022-02-07 15:41:23,042] {local_task_job.py:154} INFO - Task exited with return code 0
[2022-02-07 15:41:23,091] {local_task_job.py:264} INFO - 0 downstream tasks scheduled from follow-on schedule check
