[2022-02-07 15:37:34,848] {processor.py:163} INFO - Started process (PID=192) to work on /opt/airflow/dags/data_ingestion_local.py
[2022-02-07 15:37:34,849] {processor.py:642} INFO - Processing file /opt/airflow/dags/data_ingestion_local.py for tasks to queue
[2022-02-07 15:37:34,849] {logging_mixin.py:109} INFO - [2022-02-07 15:37:34,849] {dagbag.py:500} INFO - Filling up the DagBag from /opt/airflow/dags/data_ingestion_local.py
[2022-02-07 15:37:35,397] {processor.py:654} INFO - DAG(s) dict_keys(['LocalIngestionDag']) retrieved from /opt/airflow/dags/data_ingestion_local.py
[2022-02-07 15:37:36,774] {logging_mixin.py:109} INFO - [2022-02-07 15:37:36,774] {manager.py:496} INFO - Created Permission View: can edit on DAG:LocalIngestionDag
[2022-02-07 15:37:36,785] {logging_mixin.py:109} INFO - [2022-02-07 15:37:36,785] {manager.py:496} INFO - Created Permission View: can read on DAG:LocalIngestionDag
[2022-02-07 15:37:36,785] {logging_mixin.py:109} INFO - [2022-02-07 15:37:36,785] {dag.py:2396} INFO - Sync 1 DAGs
[2022-02-07 15:37:36,793] {logging_mixin.py:109} INFO - [2022-02-07 15:37:36,793] {dag.py:2415} INFO - Creating ORM DAG for LocalIngestionDag
[2022-02-07 15:37:36,804] {logging_mixin.py:109} INFO - [2022-02-07 15:37:36,804] {dag.py:2935} INFO - Setting next_dagrun for LocalIngestionDag to 2021-01-02 06:00:00+00:00
[2022-02-07 15:37:36,815] {processor.py:171} INFO - Processing /opt/airflow/dags/data_ingestion_local.py took 1.972 seconds
[2022-02-07 15:38:06,941] {processor.py:163} INFO - Started process (PID=226) to work on /opt/airflow/dags/data_ingestion_local.py
[2022-02-07 15:38:06,945] {processor.py:642} INFO - Processing file /opt/airflow/dags/data_ingestion_local.py for tasks to queue
[2022-02-07 15:38:06,946] {logging_mixin.py:109} INFO - [2022-02-07 15:38:06,946] {dagbag.py:500} INFO - Filling up the DagBag from /opt/airflow/dags/data_ingestion_local.py
[2022-02-07 15:38:07,469] {processor.py:654} INFO - DAG(s) dict_keys(['LocalIngestionDag']) retrieved from /opt/airflow/dags/data_ingestion_local.py
[2022-02-07 15:38:07,478] {logging_mixin.py:109} INFO - [2022-02-07 15:38:07,477] {dag.py:2396} INFO - Sync 1 DAGs
[2022-02-07 15:38:07,495] {logging_mixin.py:109} INFO - [2022-02-07 15:38:07,495] {dag.py:2935} INFO - Setting next_dagrun for LocalIngestionDag to 2021-01-02 06:00:00+00:00
[2022-02-07 15:38:07,505] {processor.py:171} INFO - Processing /opt/airflow/dags/data_ingestion_local.py took 0.568 seconds
[2022-02-07 15:38:37,596] {processor.py:163} INFO - Started process (PID=868) to work on /opt/airflow/dags/data_ingestion_local.py
[2022-02-07 15:38:37,600] {processor.py:642} INFO - Processing file /opt/airflow/dags/data_ingestion_local.py for tasks to queue
[2022-02-07 15:38:37,600] {logging_mixin.py:109} INFO - [2022-02-07 15:38:37,600] {dagbag.py:500} INFO - Filling up the DagBag from /opt/airflow/dags/data_ingestion_local.py
[2022-02-07 15:38:38,167] {processor.py:654} INFO - DAG(s) dict_keys(['LocalIngestionDag']) retrieved from /opt/airflow/dags/data_ingestion_local.py
[2022-02-07 15:38:38,177] {logging_mixin.py:109} INFO - [2022-02-07 15:38:38,177] {dag.py:2396} INFO - Sync 1 DAGs
[2022-02-07 15:38:38,196] {logging_mixin.py:109} INFO - [2022-02-07 15:38:38,196] {dag.py:2935} INFO - Setting next_dagrun for LocalIngestionDag to 2022-02-02T06:00:00+00:00
[2022-02-07 15:38:38,209] {processor.py:171} INFO - Processing /opt/airflow/dags/data_ingestion_local.py took 0.619 seconds
[2022-02-07 15:39:08,300] {processor.py:163} INFO - Started process (PID=901) to work on /opt/airflow/dags/data_ingestion_local.py
[2022-02-07 15:39:08,301] {processor.py:642} INFO - Processing file /opt/airflow/dags/data_ingestion_local.py for tasks to queue
[2022-02-07 15:39:08,302] {logging_mixin.py:109} INFO - [2022-02-07 15:39:08,302] {dagbag.py:500} INFO - Filling up the DagBag from /opt/airflow/dags/data_ingestion_local.py
[2022-02-07 15:39:08,867] {processor.py:654} INFO - DAG(s) dict_keys(['LocalIngestionDag']) retrieved from /opt/airflow/dags/data_ingestion_local.py
[2022-02-07 15:39:08,877] {logging_mixin.py:109} INFO - [2022-02-07 15:39:08,876] {dag.py:2396} INFO - Sync 1 DAGs
[2022-02-07 15:39:08,895] {logging_mixin.py:109} INFO - [2022-02-07 15:39:08,895] {dag.py:2935} INFO - Setting next_dagrun for LocalIngestionDag to 2022-02-02T06:00:00+00:00
[2022-02-07 15:39:08,907] {processor.py:171} INFO - Processing /opt/airflow/dags/data_ingestion_local.py took 0.613 seconds
[2022-02-07 15:39:39,004] {processor.py:163} INFO - Started process (PID=934) to work on /opt/airflow/dags/data_ingestion_local.py
[2022-02-07 15:39:39,006] {processor.py:642} INFO - Processing file /opt/airflow/dags/data_ingestion_local.py for tasks to queue
[2022-02-07 15:39:39,007] {logging_mixin.py:109} INFO - [2022-02-07 15:39:39,006] {dagbag.py:500} INFO - Filling up the DagBag from /opt/airflow/dags/data_ingestion_local.py
[2022-02-07 15:39:39,575] {processor.py:654} INFO - DAG(s) dict_keys(['LocalIngestionDag']) retrieved from /opt/airflow/dags/data_ingestion_local.py
[2022-02-07 15:39:39,584] {logging_mixin.py:109} INFO - [2022-02-07 15:39:39,584] {dag.py:2396} INFO - Sync 1 DAGs
[2022-02-07 15:39:39,602] {logging_mixin.py:109} INFO - [2022-02-07 15:39:39,601] {dag.py:2935} INFO - Setting next_dagrun for LocalIngestionDag to 2022-02-02T06:00:00+00:00
[2022-02-07 15:39:39,611] {processor.py:171} INFO - Processing /opt/airflow/dags/data_ingestion_local.py took 0.612 seconds
[2022-02-07 15:40:09,704] {processor.py:163} INFO - Started process (PID=997) to work on /opt/airflow/dags/data_ingestion_local.py
[2022-02-07 15:40:09,706] {processor.py:642} INFO - Processing file /opt/airflow/dags/data_ingestion_local.py for tasks to queue
[2022-02-07 15:40:09,706] {logging_mixin.py:109} INFO - [2022-02-07 15:40:09,706] {dagbag.py:500} INFO - Filling up the DagBag from /opt/airflow/dags/data_ingestion_local.py
[2022-02-07 15:40:10,243] {processor.py:654} INFO - DAG(s) dict_keys(['LocalIngestionDag']) retrieved from /opt/airflow/dags/data_ingestion_local.py
[2022-02-07 15:40:10,253] {logging_mixin.py:109} INFO - [2022-02-07 15:40:10,253] {dag.py:2396} INFO - Sync 1 DAGs
[2022-02-07 15:40:10,270] {logging_mixin.py:109} INFO - [2022-02-07 15:40:10,270] {dag.py:2935} INFO - Setting next_dagrun for LocalIngestionDag to 2022-02-02T06:00:00+00:00
[2022-02-07 15:40:10,282] {processor.py:171} INFO - Processing /opt/airflow/dags/data_ingestion_local.py took 0.583 seconds
[2022-02-07 15:40:40,380] {processor.py:163} INFO - Started process (PID=1060) to work on /opt/airflow/dags/data_ingestion_local.py
[2022-02-07 15:40:40,382] {processor.py:642} INFO - Processing file /opt/airflow/dags/data_ingestion_local.py for tasks to queue
[2022-02-07 15:40:40,382] {logging_mixin.py:109} INFO - [2022-02-07 15:40:40,382] {dagbag.py:500} INFO - Filling up the DagBag from /opt/airflow/dags/data_ingestion_local.py
[2022-02-07 15:40:40,929] {processor.py:654} INFO - DAG(s) dict_keys(['LocalIngestionDag']) retrieved from /opt/airflow/dags/data_ingestion_local.py
[2022-02-07 15:40:40,939] {logging_mixin.py:109} INFO - [2022-02-07 15:40:40,938] {dag.py:2396} INFO - Sync 1 DAGs
[2022-02-07 15:40:40,957] {logging_mixin.py:109} INFO - [2022-02-07 15:40:40,957] {dag.py:2935} INFO - Setting next_dagrun for LocalIngestionDag to 2022-02-02T06:00:00+00:00
[2022-02-07 15:40:40,968] {processor.py:171} INFO - Processing /opt/airflow/dags/data_ingestion_local.py took 0.594 seconds
[2022-02-07 15:41:11,061] {processor.py:163} INFO - Started process (PID=1123) to work on /opt/airflow/dags/data_ingestion_local.py
[2022-02-07 15:41:11,063] {processor.py:642} INFO - Processing file /opt/airflow/dags/data_ingestion_local.py for tasks to queue
[2022-02-07 15:41:11,063] {logging_mixin.py:109} INFO - [2022-02-07 15:41:11,063] {dagbag.py:500} INFO - Filling up the DagBag from /opt/airflow/dags/data_ingestion_local.py
[2022-02-07 15:41:11,617] {processor.py:654} INFO - DAG(s) dict_keys(['LocalIngestionDag']) retrieved from /opt/airflow/dags/data_ingestion_local.py
[2022-02-07 15:41:11,626] {logging_mixin.py:109} INFO - [2022-02-07 15:41:11,625] {dag.py:2396} INFO - Sync 1 DAGs
[2022-02-07 15:41:11,644] {logging_mixin.py:109} INFO - [2022-02-07 15:41:11,644] {dag.py:2935} INFO - Setting next_dagrun for LocalIngestionDag to 2022-02-02T06:00:00+00:00
[2022-02-07 15:41:11,654] {processor.py:171} INFO - Processing /opt/airflow/dags/data_ingestion_local.py took 0.597 seconds
[2022-02-07 15:41:41,756] {processor.py:163} INFO - Started process (PID=1276) to work on /opt/airflow/dags/data_ingestion_local.py
[2022-02-07 15:41:41,757] {processor.py:642} INFO - Processing file /opt/airflow/dags/data_ingestion_local.py for tasks to queue
[2022-02-07 15:41:41,757] {logging_mixin.py:109} INFO - [2022-02-07 15:41:41,757] {dagbag.py:500} INFO - Filling up the DagBag from /opt/airflow/dags/data_ingestion_local.py
[2022-02-07 15:41:42,324] {processor.py:654} INFO - DAG(s) dict_keys(['LocalIngestionDag']) retrieved from /opt/airflow/dags/data_ingestion_local.py
[2022-02-07 15:41:42,334] {logging_mixin.py:109} INFO - [2022-02-07 15:41:42,333] {dag.py:2396} INFO - Sync 1 DAGs
[2022-02-07 15:41:42,351] {logging_mixin.py:109} INFO - [2022-02-07 15:41:42,351] {dag.py:2935} INFO - Setting next_dagrun for LocalIngestionDag to 2022-02-02T06:00:00+00:00
[2022-02-07 15:41:42,361] {processor.py:171} INFO - Processing /opt/airflow/dags/data_ingestion_local.py took 0.611 seconds
[2022-02-07 15:42:12,458] {processor.py:163} INFO - Started process (PID=1309) to work on /opt/airflow/dags/data_ingestion_local.py
[2022-02-07 15:42:12,462] {processor.py:642} INFO - Processing file /opt/airflow/dags/data_ingestion_local.py for tasks to queue
[2022-02-07 15:42:12,462] {logging_mixin.py:109} INFO - [2022-02-07 15:42:12,462] {dagbag.py:500} INFO - Filling up the DagBag from /opt/airflow/dags/data_ingestion_local.py
[2022-02-07 15:42:12,991] {processor.py:654} INFO - DAG(s) dict_keys(['LocalIngestionDag']) retrieved from /opt/airflow/dags/data_ingestion_local.py
[2022-02-07 15:42:12,999] {logging_mixin.py:109} INFO - [2022-02-07 15:42:12,999] {dag.py:2396} INFO - Sync 1 DAGs
[2022-02-07 15:42:13,017] {logging_mixin.py:109} INFO - [2022-02-07 15:42:13,017] {dag.py:2935} INFO - Setting next_dagrun for LocalIngestionDag to 2022-02-02T06:00:00+00:00
[2022-02-07 15:42:13,026] {processor.py:171} INFO - Processing /opt/airflow/dags/data_ingestion_local.py took 0.573 seconds
[2022-02-07 15:42:43,138] {processor.py:163} INFO - Started process (PID=1342) to work on /opt/airflow/dags/data_ingestion_local.py
[2022-02-07 15:42:43,139] {processor.py:642} INFO - Processing file /opt/airflow/dags/data_ingestion_local.py for tasks to queue
[2022-02-07 15:42:43,140] {logging_mixin.py:109} INFO - [2022-02-07 15:42:43,140] {dagbag.py:500} INFO - Filling up the DagBag from /opt/airflow/dags/data_ingestion_local.py
[2022-02-07 15:42:43,658] {processor.py:654} INFO - DAG(s) dict_keys(['LocalIngestionDag']) retrieved from /opt/airflow/dags/data_ingestion_local.py
[2022-02-07 15:42:43,667] {logging_mixin.py:109} INFO - [2022-02-07 15:42:43,666] {dag.py:2396} INFO - Sync 1 DAGs
[2022-02-07 15:42:43,684] {logging_mixin.py:109} INFO - [2022-02-07 15:42:43,684] {dag.py:2935} INFO - Setting next_dagrun for LocalIngestionDag to 2022-02-02T06:00:00+00:00
[2022-02-07 15:42:43,696] {processor.py:171} INFO - Processing /opt/airflow/dags/data_ingestion_local.py took 0.563 seconds
[2022-02-07 15:43:13,786] {processor.py:163} INFO - Started process (PID=1375) to work on /opt/airflow/dags/data_ingestion_local.py
[2022-02-07 15:43:13,787] {processor.py:642} INFO - Processing file /opt/airflow/dags/data_ingestion_local.py for tasks to queue
[2022-02-07 15:43:13,788] {logging_mixin.py:109} INFO - [2022-02-07 15:43:13,788] {dagbag.py:500} INFO - Filling up the DagBag from /opt/airflow/dags/data_ingestion_local.py
[2022-02-07 15:43:14,320] {processor.py:654} INFO - DAG(s) dict_keys(['LocalIngestionDag']) retrieved from /opt/airflow/dags/data_ingestion_local.py
[2022-02-07 15:43:14,328] {logging_mixin.py:109} INFO - [2022-02-07 15:43:14,328] {dag.py:2396} INFO - Sync 1 DAGs
[2022-02-07 15:43:14,345] {logging_mixin.py:109} INFO - [2022-02-07 15:43:14,345] {dag.py:2935} INFO - Setting next_dagrun for LocalIngestionDag to 2022-02-02T06:00:00+00:00
[2022-02-07 15:43:14,358] {processor.py:171} INFO - Processing /opt/airflow/dags/data_ingestion_local.py took 0.577 seconds
[2022-02-07 15:43:44,452] {processor.py:163} INFO - Started process (PID=1408) to work on /opt/airflow/dags/data_ingestion_local.py
[2022-02-07 15:43:44,454] {processor.py:642} INFO - Processing file /opt/airflow/dags/data_ingestion_local.py for tasks to queue
[2022-02-07 15:43:44,454] {logging_mixin.py:109} INFO - [2022-02-07 15:43:44,454] {dagbag.py:500} INFO - Filling up the DagBag from /opt/airflow/dags/data_ingestion_local.py
[2022-02-07 15:43:44,976] {processor.py:654} INFO - DAG(s) dict_keys(['LocalIngestionDag']) retrieved from /opt/airflow/dags/data_ingestion_local.py
[2022-02-07 15:43:44,984] {logging_mixin.py:109} INFO - [2022-02-07 15:43:44,984] {dag.py:2396} INFO - Sync 1 DAGs
[2022-02-07 15:43:45,001] {logging_mixin.py:109} INFO - [2022-02-07 15:43:45,001] {dag.py:2935} INFO - Setting next_dagrun for LocalIngestionDag to 2022-02-02T06:00:00+00:00
[2022-02-07 15:43:45,014] {processor.py:171} INFO - Processing /opt/airflow/dags/data_ingestion_local.py took 0.567 seconds
[2022-02-07 15:44:15,103] {processor.py:163} INFO - Started process (PID=1441) to work on /opt/airflow/dags/data_ingestion_local.py
[2022-02-07 15:44:15,104] {processor.py:642} INFO - Processing file /opt/airflow/dags/data_ingestion_local.py for tasks to queue
[2022-02-07 15:44:15,105] {logging_mixin.py:109} INFO - [2022-02-07 15:44:15,105] {dagbag.py:500} INFO - Filling up the DagBag from /opt/airflow/dags/data_ingestion_local.py
[2022-02-07 15:44:15,628] {processor.py:654} INFO - DAG(s) dict_keys(['LocalIngestionDag']) retrieved from /opt/airflow/dags/data_ingestion_local.py
[2022-02-07 15:44:15,637] {logging_mixin.py:109} INFO - [2022-02-07 15:44:15,636] {dag.py:2396} INFO - Sync 1 DAGs
[2022-02-07 15:44:15,654] {logging_mixin.py:109} INFO - [2022-02-07 15:44:15,654] {dag.py:2935} INFO - Setting next_dagrun for LocalIngestionDag to 2022-02-02T06:00:00+00:00
[2022-02-07 15:44:15,665] {processor.py:171} INFO - Processing /opt/airflow/dags/data_ingestion_local.py took 0.568 seconds
[2022-02-07 15:44:45,757] {processor.py:163} INFO - Started process (PID=1474) to work on /opt/airflow/dags/data_ingestion_local.py
[2022-02-07 15:44:45,758] {processor.py:642} INFO - Processing file /opt/airflow/dags/data_ingestion_local.py for tasks to queue
[2022-02-07 15:44:45,759] {logging_mixin.py:109} INFO - [2022-02-07 15:44:45,759] {dagbag.py:500} INFO - Filling up the DagBag from /opt/airflow/dags/data_ingestion_local.py
[2022-02-07 15:44:46,266] {processor.py:654} INFO - DAG(s) dict_keys(['LocalIngestionDag']) retrieved from /opt/airflow/dags/data_ingestion_local.py
[2022-02-07 15:44:46,274] {logging_mixin.py:109} INFO - [2022-02-07 15:44:46,274] {dag.py:2396} INFO - Sync 1 DAGs
[2022-02-07 15:44:46,291] {logging_mixin.py:109} INFO - [2022-02-07 15:44:46,291] {dag.py:2935} INFO - Setting next_dagrun for LocalIngestionDag to 2022-02-02T06:00:00+00:00
[2022-02-07 15:44:46,300] {processor.py:171} INFO - Processing /opt/airflow/dags/data_ingestion_local.py took 0.548 seconds
[2022-02-07 15:45:16,356] {processor.py:163} INFO - Started process (PID=1507) to work on /opt/airflow/dags/data_ingestion_local.py
[2022-02-07 15:45:16,357] {processor.py:642} INFO - Processing file /opt/airflow/dags/data_ingestion_local.py for tasks to queue
[2022-02-07 15:45:16,358] {logging_mixin.py:109} INFO - [2022-02-07 15:45:16,358] {dagbag.py:500} INFO - Filling up the DagBag from /opt/airflow/dags/data_ingestion_local.py
[2022-02-07 15:45:16,894] {processor.py:654} INFO - DAG(s) dict_keys(['LocalIngestionDag']) retrieved from /opt/airflow/dags/data_ingestion_local.py
[2022-02-07 15:45:16,904] {logging_mixin.py:109} INFO - [2022-02-07 15:45:16,904] {dag.py:2396} INFO - Sync 1 DAGs
[2022-02-07 15:45:16,921] {logging_mixin.py:109} INFO - [2022-02-07 15:45:16,921] {dag.py:2935} INFO - Setting next_dagrun for LocalIngestionDag to 2022-02-02T06:00:00+00:00
[2022-02-07 15:45:16,931] {processor.py:171} INFO - Processing /opt/airflow/dags/data_ingestion_local.py took 0.580 seconds
[2022-02-07 15:45:47,020] {processor.py:163} INFO - Started process (PID=1540) to work on /opt/airflow/dags/data_ingestion_local.py
[2022-02-07 15:45:47,021] {processor.py:642} INFO - Processing file /opt/airflow/dags/data_ingestion_local.py for tasks to queue
[2022-02-07 15:45:47,022] {logging_mixin.py:109} INFO - [2022-02-07 15:45:47,022] {dagbag.py:500} INFO - Filling up the DagBag from /opt/airflow/dags/data_ingestion_local.py
[2022-02-07 15:45:47,562] {processor.py:654} INFO - DAG(s) dict_keys(['LocalIngestionDag']) retrieved from /opt/airflow/dags/data_ingestion_local.py
[2022-02-07 15:45:47,571] {logging_mixin.py:109} INFO - [2022-02-07 15:45:47,571] {dag.py:2396} INFO - Sync 1 DAGs
[2022-02-07 15:45:47,589] {logging_mixin.py:109} INFO - [2022-02-07 15:45:47,589] {dag.py:2935} INFO - Setting next_dagrun for LocalIngestionDag to 2022-02-02T06:00:00+00:00
[2022-02-07 15:45:47,599] {processor.py:171} INFO - Processing /opt/airflow/dags/data_ingestion_local.py took 0.583 seconds
[2022-02-07 15:46:17,635] {processor.py:163} INFO - Started process (PID=1573) to work on /opt/airflow/dags/data_ingestion_local.py
[2022-02-07 15:46:17,637] {processor.py:642} INFO - Processing file /opt/airflow/dags/data_ingestion_local.py for tasks to queue
[2022-02-07 15:46:17,637] {logging_mixin.py:109} INFO - [2022-02-07 15:46:17,637] {dagbag.py:500} INFO - Filling up the DagBag from /opt/airflow/dags/data_ingestion_local.py
[2022-02-07 15:46:18,162] {processor.py:654} INFO - DAG(s) dict_keys(['LocalIngestionDag']) retrieved from /opt/airflow/dags/data_ingestion_local.py
[2022-02-07 15:46:18,172] {logging_mixin.py:109} INFO - [2022-02-07 15:46:18,172] {dag.py:2396} INFO - Sync 1 DAGs
[2022-02-07 15:46:18,190] {logging_mixin.py:109} INFO - [2022-02-07 15:46:18,190] {dag.py:2935} INFO - Setting next_dagrun for LocalIngestionDag to 2022-02-02T06:00:00+00:00
[2022-02-07 15:46:18,201] {processor.py:171} INFO - Processing /opt/airflow/dags/data_ingestion_local.py took 0.570 seconds
[2022-02-07 15:46:48,296] {processor.py:163} INFO - Started process (PID=1606) to work on /opt/airflow/dags/data_ingestion_local.py
[2022-02-07 15:46:48,297] {processor.py:642} INFO - Processing file /opt/airflow/dags/data_ingestion_local.py for tasks to queue
[2022-02-07 15:46:48,298] {logging_mixin.py:109} INFO - [2022-02-07 15:46:48,298] {dagbag.py:500} INFO - Filling up the DagBag from /opt/airflow/dags/data_ingestion_local.py
[2022-02-07 15:46:48,836] {processor.py:654} INFO - DAG(s) dict_keys(['LocalIngestionDag']) retrieved from /opt/airflow/dags/data_ingestion_local.py
[2022-02-07 15:46:48,845] {logging_mixin.py:109} INFO - [2022-02-07 15:46:48,844] {dag.py:2396} INFO - Sync 1 DAGs
[2022-02-07 15:46:48,861] {logging_mixin.py:109} INFO - [2022-02-07 15:46:48,861] {dag.py:2935} INFO - Setting next_dagrun for LocalIngestionDag to 2022-02-02T06:00:00+00:00
[2022-02-07 15:46:48,873] {processor.py:171} INFO - Processing /opt/airflow/dags/data_ingestion_local.py took 0.583 seconds
[2022-02-07 15:47:18,924] {processor.py:163} INFO - Started process (PID=1639) to work on /opt/airflow/dags/data_ingestion_local.py
[2022-02-07 15:47:18,928] {processor.py:642} INFO - Processing file /opt/airflow/dags/data_ingestion_local.py for tasks to queue
[2022-02-07 15:47:18,929] {logging_mixin.py:109} INFO - [2022-02-07 15:47:18,928] {dagbag.py:500} INFO - Filling up the DagBag from /opt/airflow/dags/data_ingestion_local.py
[2022-02-07 15:47:19,434] {processor.py:654} INFO - DAG(s) dict_keys(['LocalIngestionDag']) retrieved from /opt/airflow/dags/data_ingestion_local.py
[2022-02-07 15:47:19,442] {logging_mixin.py:109} INFO - [2022-02-07 15:47:19,442] {dag.py:2396} INFO - Sync 1 DAGs
[2022-02-07 15:47:19,460] {logging_mixin.py:109} INFO - [2022-02-07 15:47:19,460] {dag.py:2935} INFO - Setting next_dagrun for LocalIngestionDag to 2022-02-02T06:00:00+00:00
[2022-02-07 15:47:19,473] {processor.py:171} INFO - Processing /opt/airflow/dags/data_ingestion_local.py took 0.554 seconds
[2022-02-07 15:47:50,077] {processor.py:163} INFO - Started process (PID=1705) to work on /opt/airflow/dags/data_ingestion_local.py
[2022-02-07 15:47:50,078] {processor.py:642} INFO - Processing file /opt/airflow/dags/data_ingestion_local.py for tasks to queue
[2022-02-07 15:47:50,079] {logging_mixin.py:109} INFO - [2022-02-07 15:47:50,079] {dagbag.py:500} INFO - Filling up the DagBag from /opt/airflow/dags/data_ingestion_local.py
[2022-02-07 15:47:50,669] {processor.py:654} INFO - DAG(s) dict_keys(['LocalIngestionDag']) retrieved from /opt/airflow/dags/data_ingestion_local.py
[2022-02-07 15:47:50,672] {logging_mixin.py:109} INFO - [2022-02-07 15:47:50,672] {dag.py:2396} INFO - Sync 1 DAGs
[2022-02-07 15:47:50,689] {logging_mixin.py:109} INFO - [2022-02-07 15:47:50,689] {dag.py:2935} INFO - Setting next_dagrun for LocalIngestionDag to 2022-02-02T06:00:00+00:00
[2022-02-07 15:47:50,701] {processor.py:171} INFO - Processing /opt/airflow/dags/data_ingestion_local.py took 0.629 seconds
[2022-02-07 15:48:20,838] {processor.py:163} INFO - Started process (PID=1771) to work on /opt/airflow/dags/data_ingestion_local.py
[2022-02-07 15:48:20,841] {processor.py:642} INFO - Processing file /opt/airflow/dags/data_ingestion_local.py for tasks to queue
[2022-02-07 15:48:20,842] {logging_mixin.py:109} INFO - [2022-02-07 15:48:20,842] {dagbag.py:500} INFO - Filling up the DagBag from /opt/airflow/dags/data_ingestion_local.py
[2022-02-07 15:48:21,372] {processor.py:654} INFO - DAG(s) dict_keys(['LocalIngestionDag']) retrieved from /opt/airflow/dags/data_ingestion_local.py
[2022-02-07 15:48:21,571] {logging_mixin.py:109} INFO - [2022-02-07 15:48:21,571] {dag.py:2396} INFO - Sync 1 DAGs
[2022-02-07 15:48:21,587] {logging_mixin.py:109} INFO - [2022-02-07 15:48:21,587] {dag.py:2935} INFO - Setting next_dagrun for LocalIngestionDag to 2022-02-02T06:00:00+00:00
[2022-02-07 15:48:21,599] {processor.py:171} INFO - Processing /opt/airflow/dags/data_ingestion_local.py took 0.766 seconds
[2022-02-07 15:48:51,744] {processor.py:163} INFO - Started process (PID=1837) to work on /opt/airflow/dags/data_ingestion_local.py
[2022-02-07 15:48:51,745] {processor.py:642} INFO - Processing file /opt/airflow/dags/data_ingestion_local.py for tasks to queue
[2022-02-07 15:48:51,746] {logging_mixin.py:109} INFO - [2022-02-07 15:48:51,746] {dagbag.py:500} INFO - Filling up the DagBag from /opt/airflow/dags/data_ingestion_local.py
[2022-02-07 15:48:52,270] {processor.py:654} INFO - DAG(s) dict_keys(['LocalIngestionDag']) retrieved from /opt/airflow/dags/data_ingestion_local.py
[2022-02-07 15:48:52,279] {logging_mixin.py:109} INFO - [2022-02-07 15:48:52,278] {dag.py:2396} INFO - Sync 1 DAGs
[2022-02-07 15:48:52,294] {logging_mixin.py:109} INFO - [2022-02-07 15:48:52,294] {dag.py:2935} INFO - Setting next_dagrun for LocalIngestionDag to 2022-02-02T06:00:00+00:00
[2022-02-07 15:48:52,305] {processor.py:171} INFO - Processing /opt/airflow/dags/data_ingestion_local.py took 0.565 seconds
