[2022-02-07 15:38:33,486] {taskinstance.py:1032} INFO - Dependencies all met for <TaskInstance: LocalIngestionDag.wget scheduled__2021-11-02T06:00:00+00:00 [queued]>
[2022-02-07 15:38:33,499] {taskinstance.py:1032} INFO - Dependencies all met for <TaskInstance: LocalIngestionDag.wget scheduled__2021-11-02T06:00:00+00:00 [queued]>
[2022-02-07 15:38:33,499] {taskinstance.py:1238} INFO - 
--------------------------------------------------------------------------------
[2022-02-07 15:38:33,499] {taskinstance.py:1239} INFO - Starting attempt 1 of 1
[2022-02-07 15:38:33,499] {taskinstance.py:1240} INFO - 
--------------------------------------------------------------------------------
[2022-02-07 15:38:33,516] {taskinstance.py:1259} INFO - Executing <Task(BashOperator): wget> on 2021-11-02 06:00:00+00:00
[2022-02-07 15:38:33,520] {standard_task_runner.py:52} INFO - Started process 648 to run task
[2022-02-07 15:38:33,524] {standard_task_runner.py:76} INFO - Running: ['***', 'tasks', 'run', 'LocalIngestionDag', 'wget', 'scheduled__2021-11-02T06:00:00+00:00', '--job-id', '63', '--raw', '--subdir', 'DAGS_FOLDER/data_ingestion_local.py', '--cfg-path', '/tmp/tmpjg21j0jg', '--error-file', '/tmp/tmpr_dnh7y_']
[2022-02-07 15:38:33,525] {standard_task_runner.py:77} INFO - Job 63: Subtask wget
[2022-02-07 15:38:33,590] {logging_mixin.py:109} INFO - Running <TaskInstance: LocalIngestionDag.wget scheduled__2021-11-02T06:00:00+00:00 [running]> on host f7def13e8b7c
[2022-02-07 15:38:33,666] {logging_mixin.py:109} WARNING - /home/***/.local/lib/python3.7/site-packages/***/utils/context.py:152 AirflowContextDeprecationWarning: Accessing 'execution_date' from the template is deprecated and will be removed in a future version. Please use 'data_interval_start' or 'logical_date' instead.
[2022-02-07 15:38:33,703] {taskinstance.py:1426} INFO - Exporting the following env vars:
AIRFLOW_CTX_DAG_OWNER=***
AIRFLOW_CTX_DAG_ID=LocalIngestionDag
AIRFLOW_CTX_TASK_ID=wget
AIRFLOW_CTX_EXECUTION_DATE=2021-11-02T06:00:00+00:00
AIRFLOW_CTX_DAG_RUN_ID=scheduled__2021-11-02T06:00:00+00:00
[2022-02-07 15:38:33,704] {subprocess.py:62} INFO - Tmp dir root location: 
 /tmp
[2022-02-07 15:38:33,705] {subprocess.py:74} INFO - Running command: ['bash', '-c', 'curl -sSL https://s3.amazonaws.com/nyc-tlc/trip+data/yellow_tripdata_2021-11.csv > /opt/***/output_2021-11.csv']
[2022-02-07 15:38:33,723] {subprocess.py:85} INFO - Output:
[2022-02-07 15:38:34,239] {subprocess.py:93} INFO - Command exited with return code 0
[2022-02-07 15:38:34,274] {taskinstance.py:1277} INFO - Marking task as SUCCESS. dag_id=LocalIngestionDag, task_id=wget, execution_date=20211102T060000, start_date=20220207T153833, end_date=20220207T153834
[2022-02-07 15:38:34,337] {local_task_job.py:154} INFO - Task exited with return code 0
[2022-02-07 15:38:34,708] {local_task_job.py:264} INFO - 0 downstream tasks scheduled from follow-on schedule check
